{"meta": {"format": 3, "version": "7.13.0", "timestamp": "2026-01-25T20:31:03.492798", "branch_coverage": false, "show_contexts": false}, "files": {"src/tessera/__init__.py": {"executed_lines": [1, 3], "summary": {"covered_lines": 1, "num_statements": 1, "percent_covered": 100.0, "percent_covered_display": "100", "missing_lines": 0, "excluded_lines": 0, "percent_statements_covered": 100.0, "percent_statements_covered_display": "100"}, "missing_lines": [], "excluded_lines": [], "functions": {"": {"executed_lines": [1, 3], "summary": {"covered_lines": 1, "num_statements": 1, "percent_covered": 100.0, "percent_covered_display": "100", "missing_lines": 0, "excluded_lines": 0, "percent_statements_covered": 100.0, "percent_statements_covered_display": "100"}, "missing_lines": [], "excluded_lines": []}}, "classes": {"": {"executed_lines": [1, 3], "summary": {"covered_lines": 1, "num_statements": 1, "percent_covered": 100.0, "percent_covered_display": "100", "missing_lines": 0, "excluded_lines": 0, "percent_statements_covered": 100.0, "percent_statements_covered_display": "100"}, "missing_lines": [], "excluded_lines": []}}}, "src/tessera/api/__init__.py": {"executed_lines": [1], "summary": {"covered_lines": 0, "num_statements": 0, "percent_covered": 100.0, "percent_covered_display": "100", "missing_lines": 0, "excluded_lines": 0, "percent_statements_covered": 100.0, "percent_statements_covered_display": "100"}, "missing_lines": [], "excluded_lines": [], "functions": {"": {"executed_lines": [1], "summary": {"covered_lines": 0, "num_statements": 0, "percent_covered": 100.0, "percent_covered_display": "100", "missing_lines": 0, "excluded_lines": 0, "percent_statements_covered": 100.0, "percent_statements_covered_display": "100"}, "missing_lines": [], "excluded_lines": []}}, "classes": {"": {"executed_lines": [1], "summary": {"covered_lines": 0, "num_statements": 0, "percent_covered": 100.0, "percent_covered_display": "100", "missing_lines": 0, "excluded_lines": 0, "percent_statements_covered": 100.0, "percent_statements_covered_display": "100"}, "missing_lines": [], "excluded_lines": []}}}, "src/tessera/api/api_keys.py": {"executed_lines": [1, 3, 5, 6, 8, 9, 14, 15, 16, 17, 18, 19, 20, 27, 30, 31, 32, 44, 45, 48, 61, 62, 63, 66, 67, 68, 81, 84, 85, 88, 89, 90, 100, 101, 102, 105, 108, 111, 112, 113, 124, 125, 126, 129, 141], "summary": {"covered_lines": 44, "num_statements": 46, "percent_covered": 95.65217391304348, "percent_covered_display": "96", "missing_lines": 2, "excluded_lines": 0, "percent_statements_covered": 95.65217391304348, "percent_statements_covered_display": "96"}, "missing_lines": [82, 106], "excluded_lines": [], "functions": {"create_key": {"executed_lines": [44, 45, 48, 61, 62, 63], "summary": {"covered_lines": 6, "num_statements": 6, "percent_covered": 100.0, "percent_covered_display": "100", "missing_lines": 0, "excluded_lines": 0, "percent_statements_covered": 100.0, "percent_statements_covered_display": "100"}, "missing_lines": [], "excluded_lines": []}, "list_keys": {"executed_lines": [81, 84, 85], "summary": {"covered_lines": 3, "num_statements": 4, "percent_covered": 75.0, "percent_covered_display": "75", "missing_lines": 1, "excluded_lines": 0, "percent_statements_covered": 75.0, "percent_statements_covered_display": "75"}, "missing_lines": [82], "excluded_lines": []}, "get_key": {"executed_lines": [100, 101, 102, 105, 108], "summary": {"covered_lines": 5, "num_statements": 6, "percent_covered": 83.33333333333333, "percent_covered_display": "83", "missing_lines": 1, "excluded_lines": 0, "percent_statements_covered": 83.33333333333333, "percent_statements_covered_display": "83"}, "missing_lines": [106], "excluded_lines": []}, "revoke_key": {"executed_lines": [124, 125, 126, 129, 141], "summary": {"covered_lines": 5, "num_statements": 5, "percent_covered": 100.0, "percent_covered_display": "100", "missing_lines": 0, "excluded_lines": 0, "percent_statements_covered": 100.0, "percent_statements_covered_display": "100"}, "missing_lines": [], "excluded_lines": []}, "": {"executed_lines": [1, 3, 5, 6, 8, 9, 14, 15, 16, 17, 18, 19, 20, 27, 30, 31, 32, 66, 67, 68, 88, 89, 90, 111, 112, 113], "summary": {"covered_lines": 25, "num_statements": 25, "percent_covered": 100.0, "percent_covered_display": "100", "missing_lines": 0, "excluded_lines": 0, "percent_statements_covered": 100.0, "percent_statements_covered_display": "100"}, "missing_lines": [], "excluded_lines": []}}, "classes": {"": {"executed_lines": [1, 3, 5, 6, 8, 9, 14, 15, 16, 17, 18, 19, 20, 27, 30, 31, 32, 44, 45, 48, 61, 62, 63, 66, 67, 68, 81, 84, 85, 88, 89, 90, 100, 101, 102, 105, 108, 111, 112, 113, 124, 125, 126, 129, 141], "summary": {"covered_lines": 44, "num_statements": 46, "percent_covered": 95.65217391304348, "percent_covered_display": "96", "missing_lines": 2, "excluded_lines": 0, "percent_statements_covered": 95.65217391304348, "percent_statements_covered_display": "96"}, "missing_lines": [82, 106], "excluded_lines": []}}}, "src/tessera/api/assets.py": {"executed_lines": [1, 3, 4, 5, 7, 8, 9, 10, 11, 12, 14, 15, 23, 24, 25, 37, 38, 48, 59, 70, 79, 80, 85, 98, 99, 102, 103, 105, 108, 115, 116, 117, 118, 119, 120, 123, 128, 130, 131, 132, 133, 134, 135, 137, 138, 139, 142, 154, 156, 159, 170, 171, 172, 175, 190, 191, 192, 194, 197, 209, 226, 228, 229, 238, 240, 242, 243, 244, 245, 247, 248, 249, 250, 251, 252, 253, 256, 257, 258, 260, 270, 285, 286, 287, 292, 293, 294, 295, 301, 302, 303, 310, 311, 312, 317, 320, 322, 323, 324, 327, 328, 329, 341, 342, 343, 344, 347, 357, 358, 363, 364, 366, 367, 373, 379, 380, 385, 395, 396, 397, 402, 405, 414, 417, 418, 419, 444, 457, 459, 460, 461, 462, 465, 468, 469, 470, 471, 472, 473, 474, 479, 480, 482, 484, 486, 489, 492, 495, 496, 497, 499, 500, 501, 504, 507, 508, 510, 517, 518, 519, 521, 522, 523, 524, 525, 526, 527, 528, 530, 538, 539, 540, 562, 563, 564, 565, 566, 569, 570, 571, 574, 577, 578, 579, 582, 588, 590, 591, 594, 605, 613, 614, 616, 619, 620, 621, 633, 634, 635, 638, 650, 651, 652, 654, 655, 656, 657, 658, 661, 663, 666, 667, 668, 680, 683, 684, 685, 688, 689, 690, 691, 698, 699, 700, 702, 704, 706, 707, 708, 709, 712, 713, 716, 717, 720, 721, 723, 724, 729, 730, 731, 734, 735, 738, 751, 753, 756, 757, 758, 769, 772, 773, 777, 787, 788, 791, 801, 804, 805, 806, 817, 818, 819, 822, 825, 826, 827, 830, 832, 835, 842, 844, 850, 851, 852, 856, 857, 858, 891, 892, 893, 894, 897, 898, 900, 917, 925, 936, 937, 938, 939, 942, 954, 955, 957, 977, 978, 979, 986, 993, 996, 997, 998, 999, 1004, 1011, 1014, 1017, 1018, 1020, 1022, 1026, 1036, 1037, 1040, 1043, 1044, 1049, 1050, 1060, 1065, 1066, 1075, 1076, 1077, 1087, 1090, 1091, 1093, 1094, 1095, 1098, 1099, 1100, 1107, 1108, 1109, 1110, 1114, 1115, 1116, 1118, 1120, 1123, 1128, 1131, 1132, 1133, 1141, 1142, 1143, 1144, 1149, 1150, 1151, 1153, 1155, 1158, 1159, 1160, 1169, 1170, 1171, 1172, 1179, 1181, 1183, 1185, 1188, 1189, 1190, 1198, 1199, 1200, 1201, 1208, 1210, 1212, 1214, 1217, 1218, 1219, 1226, 1227, 1228, 1229, 1235, 1236, 1237, 1239, 1241, 1243, 1247, 1252, 1253, 1254, 1261, 1265, 1276, 1277, 1278, 1280, 1290, 1291, 1292, 1298, 1299, 1308, 1320, 1328, 1335, 1338, 1339, 1340, 1353, 1354, 1355, 1359, 1372, 1375, 1376, 1379, 1380, 1381, 1383, 1384, 1385, 1386, 1387, 1388, 1390, 1398, 1399, 1401, 1404, 1405, 1406, 1419, 1420, 1421, 1422, 1425, 1430, 1433, 1434, 1435, 1445, 1446, 1447, 1448, 1449, 1450, 1453, 1454, 1456, 1458, 1465, 1466, 1467, 1468, 1483, 1484, 1485, 1486, 1489, 1494, 1495, 1496, 1502, 1507, 1508, 1509, 1516, 1517, 1520, 1521, 1525, 1530, 1531, 1533, 1546, 1547, 1548, 1569, 1572, 1573, 1574, 1577, 1579, 1602, 1603, 1604, 1611, 1618, 1621, 1622, 1623, 1628, 1636, 1639, 1640, 1641], "summary": {"covered_lines": 501, "num_statements": 595, "percent_covered": 84.2016806722689, "percent_covered_display": "84", "missing_lines": 94, "excluded_lines": 0, "percent_statements_covered": 84.2016806722689, "percent_statements_covered_display": "84"}, "missing_lines": [136, 193, 202, 203, 204, 206, 288, 289, 348, 349, 365, 398, 399, 463, 464, 466, 467, 475, 476, 481, 483, 485, 487, 490, 572, 701, 703, 705, 722, 732, 774, 778, 779, 780, 820, 823, 853, 901, 902, 906, 907, 919, 926, 927, 928, 943, 944, 959, 960, 961, 967, 968, 969, 970, 1067, 1117, 1119, 1152, 1154, 1180, 1182, 1184, 1209, 1211, 1213, 1238, 1240, 1242, 1356, 1518, 1580, 1586, 1587, 1588, 1593, 1594, 1595, 1596, 1655, 1656, 1661, 1662, 1665, 1670, 1673, 1674, 1677, 1678, 1679, 1680, 1682, 1685, 1686, 1688], "excluded_lines": [], "functions": {"_apply_asset_search_filters": {"executed_lines": [115, 116, 117, 118, 119, 120], "summary": {"covered_lines": 6, "num_statements": 6, "percent_covered": 100.0, "percent_covered_display": "100", "missing_lines": 0, "excluded_lines": 0, "percent_statements_covered": 100.0, "percent_statements_covered_display": "100"}, "missing_lines": [], "excluded_lines": []}, "parse_semver": {"executed_lines": [128, 130, 131, 132, 133, 134, 135, 137, 138, 139], "summary": {"covered_lines": 10, "num_statements": 11, "percent_covered": 90.9090909090909, "percent_covered_display": "91", "missing_lines": 1, "excluded_lines": 0, "percent_statements_covered": 90.9090909090909, "percent_statements_covered_display": "91"}, "missing_lines": [136], "excluded_lines": []}, "is_prerelease": {"executed_lines": [154, 156], "summary": {"covered_lines": 2, "num_statements": 2, "percent_covered": 100.0, "percent_covered_display": "100", "missing_lines": 0, "excluded_lines": 0, "percent_statements_covered": 100.0, "percent_statements_covered_display": "100"}, "missing_lines": [], "excluded_lines": []}, "get_base_version": {"executed_lines": [170, 171, 172], "summary": {"covered_lines": 3, "num_statements": 3, "percent_covered": 100.0, "percent_covered_display": "100", "missing_lines": 0, "excluded_lines": 0, "percent_statements_covered": 100.0, "percent_statements_covered_display": "100"}, "missing_lines": [], "excluded_lines": []}, "is_graduation": {"executed_lines": [190, 191, 192, 194], "summary": {"covered_lines": 4, "num_statements": 5, "percent_covered": 80.0, "percent_covered_display": "80", "missing_lines": 1, "excluded_lines": 0, "percent_statements_covered": 80.0, "percent_statements_covered_display": "80"}, "missing_lines": [193], "excluded_lines": []}, "bump_version": {"executed_lines": [], "summary": {"covered_lines": 0, "num_statements": 4, "percent_covered": 0.0, "percent_covered_display": "0", "missing_lines": 4, "excluded_lines": 0, "percent_statements_covered": 0.0, "percent_statements_covered_display": "0"}, "missing_lines": [202, 203, 204, 206], "excluded_lines": []}, "compute_version_suggestion": {"executed_lines": [226, 228, 229, 238, 240, 242, 243, 244, 245, 247, 248, 249, 250, 251, 252, 253, 256, 257, 258, 260], "summary": {"covered_lines": 20, "num_statements": 20, "percent_covered": 100.0, "percent_covered_display": "100", "missing_lines": 0, "excluded_lines": 0, "percent_statements_covered": 100.0, "percent_statements_covered_display": "100"}, "missing_lines": [], "excluded_lines": []}, "validate_version_for_change_type": {"executed_lines": [285, 286, 287, 292, 293, 294, 295, 301, 302, 303, 310, 311, 312, 317], "summary": {"covered_lines": 14, "num_statements": 16, "percent_covered": 87.5, "percent_covered_display": "88", "missing_lines": 2, "excluded_lines": 0, "percent_statements_covered": 87.5, "percent_statements_covered_display": "88"}, "missing_lines": [288, 289], "excluded_lines": []}, "_get_team_name": {"executed_lines": [322, 323, 324], "summary": {"covered_lines": 3, "num_statements": 3, "percent_covered": 100.0, "percent_covered_display": "100", "missing_lines": 0, "excluded_lines": 0, "percent_statements_covered": 100.0, "percent_statements_covered_display": "100"}, "missing_lines": [], "excluded_lines": []}, "create_asset": {"executed_lines": [341, 342, 343, 344, 347, 357, 358, 363, 364, 366, 367, 373, 379, 380, 385, 395, 396, 397, 402, 405, 414], "summary": {"covered_lines": 21, "num_statements": 26, "percent_covered": 80.76923076923077, "percent_covered_display": "81", "missing_lines": 5, "excluded_lines": 0, "percent_statements_covered": 80.76923076923077, "percent_statements_covered_display": "81"}, "missing_lines": [348, 349, 365, 398, 399], "excluded_lines": []}, "list_assets": {"executed_lines": [444, 457, 459, 460, 461, 462, 465, 468, 469, 470, 471, 472, 473, 474, 479, 480, 482, 484, 486, 489, 492, 495, 496, 497, 499, 500, 501, 504, 507, 508, 510, 517, 518, 519, 521, 522, 523, 524, 525, 526, 527, 528, 530], "summary": {"covered_lines": 43, "num_statements": 54, "percent_covered": 79.62962962962963, "percent_covered_display": "80", "missing_lines": 11, "excluded_lines": 0, "percent_statements_covered": 79.62962962962963, "percent_statements_covered_display": "80"}, "missing_lines": [463, 464, 466, 467, 475, 476, 481, 483, 485, 487, 490], "excluded_lines": []}, "search_assets": {"executed_lines": [562, 563, 564, 565, 566, 569, 570, 571, 574, 577, 578, 579, 582, 588, 590, 591, 594, 605, 613, 614, 616], "summary": {"covered_lines": 21, "num_statements": 22, "percent_covered": 95.45454545454545, "percent_covered_display": "95", "missing_lines": 1, "excluded_lines": 0, "percent_statements_covered": 95.45454545454545, "percent_statements_covered_display": "95"}, "missing_lines": [572], "excluded_lines": []}, "get_asset": {"executed_lines": [633, 634, 635, 638, 650, 651, 652, 654, 655, 656, 657, 658, 661, 663], "summary": {"covered_lines": 14, "num_statements": 14, "percent_covered": 100.0, "percent_covered_display": "100", "missing_lines": 0, "excluded_lines": 0, "percent_statements_covered": 100.0, "percent_statements_covered_display": "100"}, "missing_lines": [], "excluded_lines": []}, "update_asset": {"executed_lines": [680, 683, 684, 685, 688, 689, 690, 691, 698, 699, 700, 702, 704, 706, 707, 708, 709, 712, 713, 716, 717, 720, 721, 723, 724, 729, 730, 731, 734, 735, 738, 751, 753], "summary": {"covered_lines": 33, "num_statements": 38, "percent_covered": 86.84210526315789, "percent_covered_display": "87", "missing_lines": 5, "excluded_lines": 0, "percent_statements_covered": 86.84210526315789, "percent_statements_covered_display": "87"}, "missing_lines": [701, 703, 705, 722, 732], "excluded_lines": []}, "delete_asset": {"executed_lines": [769, 772, 773, 777, 787, 788, 791, 801], "summary": {"covered_lines": 8, "num_statements": 12, "percent_covered": 66.66666666666667, "percent_covered_display": "67", "missing_lines": 4, "excluded_lines": 0, "percent_statements_covered": 66.66666666666667, "percent_statements_covered_display": "67"}, "missing_lines": [774, 778, 779, 780], "excluded_lines": []}, "restore_asset": {"executed_lines": [817, 818, 819, 822, 825, 826, 827, 830, 832], "summary": {"covered_lines": 9, "num_statements": 11, "percent_covered": 81.81818181818181, "percent_covered_display": "82", "missing_lines": 2, "excluded_lines": 0, "percent_statements_covered": 81.81818181818181, "percent_statements_covered_display": "82"}, "missing_lines": [820, 823], "excluded_lines": []}, "_get_last_audit_status": {"executed_lines": [842, 844, 850, 851, 852], "summary": {"covered_lines": 5, "num_statements": 6, "percent_covered": 83.33333333333333, "percent_covered_display": "83", "missing_lines": 1, "excluded_lines": 0, "percent_statements_covered": 83.33333333333333, "percent_statements_covered_display": "83"}, "missing_lines": [853], "excluded_lines": []}, "create_contract": {"executed_lines": [891, 892, 893, 894, 897, 898, 900, 917, 925, 936, 937, 938, 939, 942, 954, 955, 957, 977, 978, 979, 986, 993, 996, 997, 998, 999, 1004, 1011, 1014, 1017, 1018, 1020, 1022, 1026, 1036, 1037, 1040, 1043, 1044, 1049, 1050, 1060, 1065, 1066, 1075, 1098, 1099, 1100, 1107, 1108, 1109, 1110, 1114, 1115, 1116, 1118, 1120, 1123, 1128, 1131, 1132, 1133, 1141, 1142, 1143, 1144, 1149, 1150, 1151, 1153, 1155, 1158, 1159, 1160, 1169, 1170, 1171, 1172, 1179, 1181, 1183, 1185, 1188, 1189, 1190, 1198, 1199, 1200, 1201, 1208, 1210, 1212, 1214, 1217, 1218, 1219, 1226, 1227, 1228, 1229, 1235, 1236, 1237, 1239, 1241, 1243, 1247, 1252, 1253, 1254, 1261, 1265, 1276, 1277, 1278, 1280, 1290, 1291, 1292, 1298, 1299, 1308, 1320, 1328, 1335], "summary": {"covered_lines": 125, "num_statements": 156, "percent_covered": 80.12820512820512, "percent_covered_display": "80", "missing_lines": 31, "excluded_lines": 0, "percent_statements_covered": 80.12820512820512, "percent_statements_covered_display": "80"}, "missing_lines": [901, 902, 906, 907, 919, 926, 927, 928, 943, 944, 959, 960, 961, 967, 968, 969, 970, 1067, 1117, 1119, 1152, 1154, 1180, 1182, 1184, 1209, 1211, 1213, 1238, 1240, 1242], "excluded_lines": []}, "create_contract.publish_contract": {"executed_lines": [1076, 1077, 1087, 1090, 1091, 1093, 1094, 1095], "summary": {"covered_lines": 8, "num_statements": 8, "percent_covered": 100.0, "percent_covered_display": "100", "missing_lines": 0, "excluded_lines": 0, "percent_statements_covered": 100.0, "percent_statements_covered_display": "100"}, "missing_lines": [], "excluded_lines": []}, "list_asset_contracts": {"executed_lines": [1353, 1354, 1355, 1359, 1372, 1375, 1376, 1379, 1380, 1381, 1383, 1384, 1385, 1386, 1387, 1388, 1390, 1398, 1399, 1401], "summary": {"covered_lines": 20, "num_statements": 21, "percent_covered": 95.23809523809524, "percent_covered_display": "95", "missing_lines": 1, "excluded_lines": 0, "percent_statements_covered": 95.23809523809524, "percent_statements_covered_display": "95"}, "missing_lines": [1356], "excluded_lines": []}, "get_contract_history": {"executed_lines": [1419, 1420, 1421, 1422, 1425, 1430, 1433, 1434, 1435, 1445, 1446, 1447, 1448, 1449, 1450, 1453, 1454, 1456, 1458], "summary": {"covered_lines": 19, "num_statements": 19, "percent_covered": 100.0, "percent_covered_display": "100", "missing_lines": 0, "excluded_lines": 0, "percent_statements_covered": 100.0, "percent_statements_covered_display": "100"}, "missing_lines": [], "excluded_lines": []}, "diff_contract_versions": {"executed_lines": [1483, 1484, 1485, 1486, 1489, 1494, 1495, 1496, 1502, 1507, 1508, 1509, 1516, 1517, 1520, 1521, 1525, 1530, 1531, 1533], "summary": {"covered_lines": 20, "num_statements": 21, "percent_covered": 95.23809523809524, "percent_covered_display": "95", "missing_lines": 1, "excluded_lines": 0, "percent_statements_covered": 95.23809523809524, "percent_statements_covered_display": "95"}, "missing_lines": [1518], "excluded_lines": []}, "preview_version_suggestion": {"executed_lines": [1569, 1572, 1573, 1574, 1577, 1579, 1602, 1603, 1604, 1611, 1618, 1621, 1622, 1623, 1628, 1636], "summary": {"covered_lines": 16, "num_statements": 24, "percent_covered": 66.66666666666667, "percent_covered_display": "67", "missing_lines": 8, "excluded_lines": 0, "percent_statements_covered": 66.66666666666667, "percent_statements_covered_display": "67"}, "missing_lines": [1580, 1586, 1587, 1588, 1593, 1594, 1595, 1596], "excluded_lines": []}, "bulk_assign_owner": {"executed_lines": [], "summary": {"covered_lines": 0, "num_statements": 16, "percent_covered": 0.0, "percent_covered_display": "0", "missing_lines": 16, "excluded_lines": 0, "percent_statements_covered": 0.0, "percent_statements_covered_display": "0"}, "missing_lines": [1655, 1656, 1661, 1662, 1665, 1670, 1673, 1674, 1677, 1678, 1679, 1680, 1682, 1685, 1686, 1688], "excluded_lines": []}, "": {"executed_lines": [1, 3, 4, 5, 7, 8, 9, 10, 11, 12, 14, 15, 23, 24, 25, 37, 38, 48, 59, 70, 79, 80, 85, 98, 99, 102, 103, 105, 108, 123, 142, 159, 175, 197, 209, 270, 320, 327, 328, 329, 417, 418, 419, 538, 539, 540, 619, 620, 621, 666, 667, 668, 756, 757, 758, 804, 805, 806, 835, 856, 857, 858, 1338, 1339, 1340, 1404, 1405, 1406, 1465, 1466, 1467, 1468, 1546, 1547, 1548, 1639, 1640, 1641], "summary": {"covered_lines": 77, "num_statements": 77, "percent_covered": 100.0, "percent_covered_display": "100", "missing_lines": 0, "excluded_lines": 0, "percent_statements_covered": 100.0, "percent_statements_covered_display": "100"}, "missing_lines": [], "excluded_lines": []}}, "classes": {"": {"executed_lines": [1, 3, 4, 5, 7, 8, 9, 10, 11, 12, 14, 15, 23, 24, 25, 37, 38, 48, 59, 70, 79, 80, 85, 98, 99, 102, 103, 105, 108, 115, 116, 117, 118, 119, 120, 123, 128, 130, 131, 132, 133, 134, 135, 137, 138, 139, 142, 154, 156, 159, 170, 171, 172, 175, 190, 191, 192, 194, 197, 209, 226, 228, 229, 238, 240, 242, 243, 244, 245, 247, 248, 249, 250, 251, 252, 253, 256, 257, 258, 260, 270, 285, 286, 287, 292, 293, 294, 295, 301, 302, 303, 310, 311, 312, 317, 320, 322, 323, 324, 327, 328, 329, 341, 342, 343, 344, 347, 357, 358, 363, 364, 366, 367, 373, 379, 380, 385, 395, 396, 397, 402, 405, 414, 417, 418, 419, 444, 457, 459, 460, 461, 462, 465, 468, 469, 470, 471, 472, 473, 474, 479, 480, 482, 484, 486, 489, 492, 495, 496, 497, 499, 500, 501, 504, 507, 508, 510, 517, 518, 519, 521, 522, 523, 524, 525, 526, 527, 528, 530, 538, 539, 540, 562, 563, 564, 565, 566, 569, 570, 571, 574, 577, 578, 579, 582, 588, 590, 591, 594, 605, 613, 614, 616, 619, 620, 621, 633, 634, 635, 638, 650, 651, 652, 654, 655, 656, 657, 658, 661, 663, 666, 667, 668, 680, 683, 684, 685, 688, 689, 690, 691, 698, 699, 700, 702, 704, 706, 707, 708, 709, 712, 713, 716, 717, 720, 721, 723, 724, 729, 730, 731, 734, 735, 738, 751, 753, 756, 757, 758, 769, 772, 773, 777, 787, 788, 791, 801, 804, 805, 806, 817, 818, 819, 822, 825, 826, 827, 830, 832, 835, 842, 844, 850, 851, 852, 856, 857, 858, 891, 892, 893, 894, 897, 898, 900, 917, 925, 936, 937, 938, 939, 942, 954, 955, 957, 977, 978, 979, 986, 993, 996, 997, 998, 999, 1004, 1011, 1014, 1017, 1018, 1020, 1022, 1026, 1036, 1037, 1040, 1043, 1044, 1049, 1050, 1060, 1065, 1066, 1075, 1076, 1077, 1087, 1090, 1091, 1093, 1094, 1095, 1098, 1099, 1100, 1107, 1108, 1109, 1110, 1114, 1115, 1116, 1118, 1120, 1123, 1128, 1131, 1132, 1133, 1141, 1142, 1143, 1144, 1149, 1150, 1151, 1153, 1155, 1158, 1159, 1160, 1169, 1170, 1171, 1172, 1179, 1181, 1183, 1185, 1188, 1189, 1190, 1198, 1199, 1200, 1201, 1208, 1210, 1212, 1214, 1217, 1218, 1219, 1226, 1227, 1228, 1229, 1235, 1236, 1237, 1239, 1241, 1243, 1247, 1252, 1253, 1254, 1261, 1265, 1276, 1277, 1278, 1280, 1290, 1291, 1292, 1298, 1299, 1308, 1320, 1328, 1335, 1338, 1339, 1340, 1353, 1354, 1355, 1359, 1372, 1375, 1376, 1379, 1380, 1381, 1383, 1384, 1385, 1386, 1387, 1388, 1390, 1398, 1399, 1401, 1404, 1405, 1406, 1419, 1420, 1421, 1422, 1425, 1430, 1433, 1434, 1435, 1445, 1446, 1447, 1448, 1449, 1450, 1453, 1454, 1456, 1458, 1465, 1466, 1467, 1468, 1483, 1484, 1485, 1486, 1489, 1494, 1495, 1496, 1502, 1507, 1508, 1509, 1516, 1517, 1520, 1521, 1525, 1530, 1531, 1533, 1546, 1547, 1548, 1569, 1572, 1573, 1574, 1577, 1579, 1602, 1603, 1604, 1611, 1618, 1621, 1622, 1623, 1628, 1636, 1639, 1640, 1641], "summary": {"covered_lines": 501, "num_statements": 595, "percent_covered": 84.2016806722689, "percent_covered_display": "84", "missing_lines": 94, "excluded_lines": 0, "percent_statements_covered": 84.2016806722689, "percent_statements_covered_display": "84"}, "missing_lines": [136, 193, 202, 203, 204, 206, 288, 289, 348, 349, 365, 398, 399, 463, 464, 466, 467, 475, 476, 481, 483, 485, 487, 490, 572, 701, 703, 705, 722, 732, 774, 778, 779, 780, 820, 823, 853, 901, 902, 906, 907, 919, 926, 927, 928, 943, 944, 959, 960, 961, 967, 968, 969, 970, 1067, 1117, 1119, 1152, 1154, 1180, 1182, 1184, 1209, 1211, 1213, 1238, 1240, 1242, 1356, 1518, 1580, 1586, 1587, 1588, 1593, 1594, 1595, 1596, 1655, 1656, 1661, 1662, 1665, 1670, 1673, 1674, 1677, 1678, 1679, 1680, 1682, 1685, 1686, 1688], "excluded_lines": []}}}, "src/tessera/api/audit.py": {"executed_lines": [1, 3, 4, 5, 7, 8, 9, 10, 12, 13, 14, 15, 16, 17, 19, 22, 23, 25, 26, 27, 28, 29, 30, 31, 34, 35, 37, 38, 39, 40, 43, 45, 56, 57, 58, 76, 77, 80, 81, 82, 83, 84, 85, 86, 87, 88, 89, 90, 91, 92, 93, 94, 95, 100, 101, 104, 105, 106, 107, 109, 117, 118, 119, 131, 132, 133, 134, 139, 142, 146, 147, 162, 166, 167, 170, 180, 181, 183], "summary": {"covered_lines": 75, "num_statements": 77, "percent_covered": 97.40259740259741, "percent_covered_display": "97", "missing_lines": 2, "excluded_lines": 0, "percent_statements_covered": 97.40259740259741, "percent_statements_covered_display": "97"}, "missing_lines": [96, 97], "excluded_lines": [], "functions": {"_to_response": {"executed_lines": [45], "summary": {"covered_lines": 1, "num_statements": 1, "percent_covered": 100.0, "percent_covered_display": "100", "missing_lines": 0, "excluded_lines": 0, "percent_statements_covered": 100.0, "percent_statements_covered_display": "100"}, "missing_lines": [], "excluded_lines": []}, "list_audit_events": {"executed_lines": [76, 77, 80, 81, 82, 83, 84, 85, 86, 87, 88, 89, 90, 91, 92, 93, 94, 95, 100, 101, 104, 105, 106, 107, 109], "summary": {"covered_lines": 25, "num_statements": 27, "percent_covered": 92.5925925925926, "percent_covered_display": "93", "missing_lines": 2, "excluded_lines": 0, "percent_statements_covered": 92.5925925925926, "percent_statements_covered_display": "93"}, "missing_lines": [96, 97], "excluded_lines": []}, "get_audit_event": {"executed_lines": [131, 132, 133, 134, 139], "summary": {"covered_lines": 5, "num_statements": 5, "percent_covered": 100.0, "percent_covered_display": "100", "missing_lines": 0, "excluded_lines": 0, "percent_statements_covered": 100.0, "percent_statements_covered_display": "100"}, "missing_lines": [], "excluded_lines": []}, "get_entity_history": {"executed_lines": [162, 166, 167, 170, 180, 181, 183], "summary": {"covered_lines": 7, "num_statements": 7, "percent_covered": 100.0, "percent_covered_display": "100", "missing_lines": 0, "excluded_lines": 0, "percent_statements_covered": 100.0, "percent_statements_covered_display": "100"}, "missing_lines": [], "excluded_lines": []}, "": {"executed_lines": [1, 3, 4, 5, 7, 8, 9, 10, 12, 13, 14, 15, 16, 17, 19, 22, 23, 25, 26, 27, 28, 29, 30, 31, 34, 35, 37, 38, 39, 40, 43, 56, 57, 58, 117, 118, 119, 142, 146, 147], "summary": {"covered_lines": 37, "num_statements": 37, "percent_covered": 100.0, "percent_covered_display": "100", "missing_lines": 0, "excluded_lines": 0, "percent_statements_covered": 100.0, "percent_statements_covered_display": "100"}, "missing_lines": [], "excluded_lines": []}}, "classes": {"AuditEventResponse": {"executed_lines": [], "summary": {"covered_lines": 0, "num_statements": 0, "percent_covered": 100.0, "percent_covered_display": "100", "missing_lines": 0, "excluded_lines": 0, "percent_statements_covered": 100.0, "percent_statements_covered_display": "100"}, "missing_lines": [], "excluded_lines": []}, "AuditEventsListResponse": {"executed_lines": [], "summary": {"covered_lines": 0, "num_statements": 0, "percent_covered": 100.0, "percent_covered_display": "100", "missing_lines": 0, "excluded_lines": 0, "percent_statements_covered": 100.0, "percent_statements_covered_display": "100"}, "missing_lines": [], "excluded_lines": []}, "": {"executed_lines": [1, 3, 4, 5, 7, 8, 9, 10, 12, 13, 14, 15, 16, 17, 19, 22, 23, 25, 26, 27, 28, 29, 30, 31, 34, 35, 37, 38, 39, 40, 43, 45, 56, 57, 58, 76, 77, 80, 81, 82, 83, 84, 85, 86, 87, 88, 89, 90, 91, 92, 93, 94, 95, 100, 101, 104, 105, 106, 107, 109, 117, 118, 119, 131, 132, 133, 134, 139, 142, 146, 147, 162, 166, 167, 170, 180, 181, 183], "summary": {"covered_lines": 75, "num_statements": 77, "percent_covered": 97.40259740259741, "percent_covered_display": "97", "missing_lines": 2, "excluded_lines": 0, "percent_statements_covered": 97.40259740259741, "percent_statements_covered_display": "97"}, "missing_lines": [96, 97], "excluded_lines": []}}}, "src/tessera/api/audits.py": {"executed_lines": [1, 7, 8, 9, 11, 12, 13, 14, 16, 17, 18, 19, 22, 23, 24, 27, 33, 34, 38, 41, 42, 44, 47, 48, 49, 50, 51, 55, 56, 57, 70, 71, 73, 74, 75, 76, 77, 82, 87, 91, 95, 100, 101, 102, 104, 108, 110, 111, 112, 114, 115, 120, 123, 124, 126, 127, 128, 129, 130, 131, 132, 133, 134, 135, 136, 137, 138, 141, 142, 144, 145, 146, 147, 148, 149, 150, 151, 152, 153, 156, 157, 159, 160, 161, 162, 165, 166, 168, 169, 172, 173, 175, 176, 177, 178, 179, 182, 183, 185, 186, 187, 188, 189, 190, 193, 194, 196, 197, 198, 199, 200, 201, 202, 205, 206, 226, 229, 230, 231, 234, 241, 246, 249, 250, 251, 254, 255, 256, 257, 258, 259, 260, 263, 275, 276, 278, 295, 296, 310, 313, 314, 315, 318, 325, 326, 327, 328, 329, 332, 333, 334, 337, 338, 339, 342, 343, 344, 345, 348, 349, 352, 353, 355, 356, 357, 358, 359, 361, 378, 386, 388, 389, 390, 391, 394, 397, 398, 399, 400, 401, 402, 403, 406, 407, 411, 421, 422, 438, 441, 442, 443, 446, 453, 454, 460, 463, 464, 465, 467, 468, 469, 472, 473, 474, 477, 478, 479, 480, 489, 492, 493, 499, 507, 508, 509, 516, 517, 519], "summary": {"covered_lines": 208, "num_statements": 221, "percent_covered": 94.11764705882354, "percent_covered_display": "94", "missing_lines": 13, "excluded_lines": 0, "percent_statements_covered": 94.11764705882354, "percent_statements_covered_display": "94"}, "missing_lines": [35, 61, 62, 63, 67, 105, 116, 235, 319, 447, 500, 501, 510], "excluded_lines": [], "functions": {"_ensure_utc": {"executed_lines": [33, 34], "summary": {"covered_lines": 2, "num_statements": 3, "percent_covered": 66.66666666666667, "percent_covered_display": "67", "missing_lines": 1, "excluded_lines": 0, "percent_statements_covered": 66.66666666666667, "percent_statements_covered_display": "67"}, "missing_lines": [35], "excluded_lines": []}, "GuaranteeResult.validate_metadata_size": {"executed_lines": [], "summary": {"covered_lines": 0, "num_statements": 4, "percent_covered": 0.0, "percent_covered_display": "0", "missing_lines": 4, "excluded_lines": 0, "percent_statements_covered": 0.0, "percent_statements_covered_display": "0"}, "missing_lines": [61, 62, 63, 67], "excluded_lines": []}, "AuditResultCreate.validate_guarantee_results_count": {"executed_lines": [104, 108], "summary": {"covered_lines": 2, "num_statements": 3, "percent_covered": 66.66666666666667, "percent_covered_display": "67", "missing_lines": 1, "excluded_lines": 0, "percent_statements_covered": 66.66666666666667, "percent_statements_covered_display": "67"}, "missing_lines": [105], "excluded_lines": []}, "AuditResultCreate.validate_details_size": {"executed_lines": [114, 115, 120], "summary": {"covered_lines": 3, "num_statements": 4, "percent_covered": 75.0, "percent_covered_display": "75", "missing_lines": 1, "excluded_lines": 0, "percent_statements_covered": 75.0, "percent_statements_covered_display": "75"}, "missing_lines": [116], "excluded_lines": []}, "report_audit_result": {"executed_lines": [226, 229, 230, 231, 234, 241, 246, 249, 250, 251, 254, 255, 256, 257, 258, 259, 260, 263, 275, 276, 278], "summary": {"covered_lines": 21, "num_statements": 22, "percent_covered": 95.45454545454545, "percent_covered_display": "95", "missing_lines": 1, "excluded_lines": 0, "percent_statements_covered": 95.45454545454545, "percent_statements_covered_display": "95"}, "missing_lines": [235], "excluded_lines": []}, "get_audit_history": {"executed_lines": [310, 313, 314, 315, 318, 325, 326, 327, 328, 329, 332, 333, 334, 337, 338, 339, 342, 343, 344, 345, 348, 349, 352, 353, 355, 356, 357, 358, 359, 361, 378], "summary": {"covered_lines": 31, "num_statements": 32, "percent_covered": 96.875, "percent_covered_display": "97", "missing_lines": 1, "excluded_lines": 0, "percent_statements_covered": 96.875, "percent_statements_covered_display": "97"}, "missing_lines": [319], "excluded_lines": []}, "_compute_trend_period": {"executed_lines": [388, 389, 390, 391, 394, 397, 398, 399, 400, 401, 402, 403, 406, 407, 411], "summary": {"covered_lines": 15, "num_statements": 15, "percent_covered": 100.0, "percent_covered_display": "100", "missing_lines": 0, "excluded_lines": 0, "percent_statements_covered": 100.0, "percent_statements_covered_display": "100"}, "missing_lines": [], "excluded_lines": []}, "get_audit_trends": {"executed_lines": [438, 441, 442, 443, 446, 453, 454, 460, 463, 464, 465, 467, 468, 469, 472, 473, 474, 477, 478, 479, 480, 489, 492, 493, 499, 507, 508, 509, 516, 517, 519], "summary": {"covered_lines": 31, "num_statements": 35, "percent_covered": 88.57142857142857, "percent_covered_display": "89", "missing_lines": 4, "excluded_lines": 0, "percent_statements_covered": 88.57142857142857, "percent_statements_covered_display": "89"}, "missing_lines": [447, 500, 501, 510], "excluded_lines": []}, "": {"executed_lines": [1, 7, 8, 9, 11, 12, 13, 14, 16, 17, 18, 19, 22, 23, 24, 27, 38, 41, 42, 44, 47, 48, 49, 50, 51, 55, 56, 57, 70, 71, 73, 74, 75, 76, 77, 82, 87, 91, 95, 100, 101, 102, 110, 111, 112, 123, 124, 126, 127, 128, 129, 130, 131, 132, 133, 134, 135, 136, 137, 138, 141, 142, 144, 145, 146, 147, 148, 149, 150, 151, 152, 153, 156, 157, 159, 160, 161, 162, 165, 166, 168, 169, 172, 173, 175, 176, 177, 178, 179, 182, 183, 185, 186, 187, 188, 189, 190, 193, 194, 196, 197, 198, 199, 200, 201, 202, 205, 206, 295, 296, 386, 421, 422], "summary": {"covered_lines": 103, "num_statements": 103, "percent_covered": 100.0, "percent_covered_display": "100", "missing_lines": 0, "excluded_lines": 0, "percent_statements_covered": 100.0, "percent_statements_covered_display": "100"}, "missing_lines": [], "excluded_lines": []}}, "classes": {"GuaranteeResult": {"executed_lines": [], "summary": {"covered_lines": 0, "num_statements": 4, "percent_covered": 0.0, "percent_covered_display": "0", "missing_lines": 4, "excluded_lines": 0, "percent_statements_covered": 0.0, "percent_statements_covered_display": "0"}, "missing_lines": [61, 62, 63, 67], "excluded_lines": []}, "AuditResultCreate": {"executed_lines": [104, 108, 114, 115, 120], "summary": {"covered_lines": 5, "num_statements": 7, "percent_covered": 71.42857142857143, "percent_covered_display": "71", "missing_lines": 2, "excluded_lines": 0, "percent_statements_covered": 71.42857142857143, "percent_statements_covered_display": "71"}, "missing_lines": [105, 116], "excluded_lines": []}, "AuditResultResponse": {"executed_lines": [], "summary": {"covered_lines": 0, "num_statements": 0, "percent_covered": 100.0, "percent_covered_display": "100", "missing_lines": 0, "excluded_lines": 0, "percent_statements_covered": 100.0, "percent_statements_covered_display": "100"}, "missing_lines": [], "excluded_lines": []}, "AuditRunListItem": {"executed_lines": [], "summary": {"covered_lines": 0, "num_statements": 0, "percent_covered": 100.0, "percent_covered_display": "100", "missing_lines": 0, "excluded_lines": 0, "percent_statements_covered": 100.0, "percent_statements_covered_display": "100"}, "missing_lines": [], "excluded_lines": []}, "AuditHistoryResponse": {"executed_lines": [], "summary": {"covered_lines": 0, "num_statements": 0, "percent_covered": 100.0, "percent_covered_display": "100", "missing_lines": 0, "excluded_lines": 0, "percent_statements_covered": 100.0, "percent_statements_covered_display": "100"}, "missing_lines": [], "excluded_lines": []}, "GuaranteeFailureCount": {"executed_lines": [], "summary": {"covered_lines": 0, "num_statements": 0, "percent_covered": 100.0, "percent_covered_display": "100", "missing_lines": 0, "excluded_lines": 0, "percent_statements_covered": 100.0, "percent_statements_covered_display": "100"}, "missing_lines": [], "excluded_lines": []}, "LastRunSummary": {"executed_lines": [], "summary": {"covered_lines": 0, "num_statements": 0, "percent_covered": 100.0, "percent_covered_display": "100", "missing_lines": 0, "excluded_lines": 0, "percent_statements_covered": 100.0, "percent_statements_covered_display": "100"}, "missing_lines": [], "excluded_lines": []}, "AuditTrendPeriod": {"executed_lines": [], "summary": {"covered_lines": 0, "num_statements": 0, "percent_covered": 100.0, "percent_covered_display": "100", "missing_lines": 0, "excluded_lines": 0, "percent_statements_covered": 100.0, "percent_statements_covered_display": "100"}, "missing_lines": [], "excluded_lines": []}, "AuditTrendsResponse": {"executed_lines": [], "summary": {"covered_lines": 0, "num_statements": 0, "percent_covered": 100.0, "percent_covered_display": "100", "missing_lines": 0, "excluded_lines": 0, "percent_statements_covered": 100.0, "percent_statements_covered_display": "100"}, "missing_lines": [], "excluded_lines": []}, "": {"executed_lines": [1, 7, 8, 9, 11, 12, 13, 14, 16, 17, 18, 19, 22, 23, 24, 27, 33, 34, 38, 41, 42, 44, 47, 48, 49, 50, 51, 55, 56, 57, 70, 71, 73, 74, 75, 76, 77, 82, 87, 91, 95, 100, 101, 102, 110, 111, 112, 123, 124, 126, 127, 128, 129, 130, 131, 132, 133, 134, 135, 136, 137, 138, 141, 142, 144, 145, 146, 147, 148, 149, 150, 151, 152, 153, 156, 157, 159, 160, 161, 162, 165, 166, 168, 169, 172, 173, 175, 176, 177, 178, 179, 182, 183, 185, 186, 187, 188, 189, 190, 193, 194, 196, 197, 198, 199, 200, 201, 202, 205, 206, 226, 229, 230, 231, 234, 241, 246, 249, 250, 251, 254, 255, 256, 257, 258, 259, 260, 263, 275, 276, 278, 295, 296, 310, 313, 314, 315, 318, 325, 326, 327, 328, 329, 332, 333, 334, 337, 338, 339, 342, 343, 344, 345, 348, 349, 352, 353, 355, 356, 357, 358, 359, 361, 378, 386, 388, 389, 390, 391, 394, 397, 398, 399, 400, 401, 402, 403, 406, 407, 411, 421, 422, 438, 441, 442, 443, 446, 453, 454, 460, 463, 464, 465, 467, 468, 469, 472, 473, 474, 477, 478, 479, 480, 489, 492, 493, 499, 507, 508, 509, 516, 517, 519], "summary": {"covered_lines": 203, "num_statements": 210, "percent_covered": 96.66666666666667, "percent_covered_display": "97", "missing_lines": 7, "excluded_lines": 0, "percent_statements_covered": 96.66666666666667, "percent_statements_covered_display": "97"}, "missing_lines": [35, 235, 319, 447, 500, 501, 510], "excluded_lines": []}}}, "src/tessera/api/auth.py": {"executed_lines": [1, 3, 4, 5, 6, 8, 9, 10, 12, 13, 14, 15, 16, 17, 19, 22, 25, 33, 36, 37, 39, 40, 41, 43, 45, 48, 49, 50, 53, 54, 56, 57, 58, 59, 62, 63, 64, 65, 67, 70, 78, 83, 84, 85, 88, 89, 91, 97, 98, 99, 101, 102, 104, 106, 109, 110, 111, 113, 115, 116, 123, 139, 140, 142, 145, 148, 151, 154, 161, 164, 166, 168, 169, 173, 174, 175, 178, 185, 190, 191, 194, 196, 197, 201, 208, 209, 215, 218, 220, 222, 223, 226, 227, 228, 230, 237, 242, 243, 246, 247, 248, 254, 255, 257, 262, 263, 267, 270, 281, 282, 284, 285, 286, 287, 291, 294, 308, 309, 311, 315, 316, 317], "summary": {"covered_lines": 120, "num_statements": 122, "percent_covered": 98.36065573770492, "percent_covered_display": "98", "missing_lines": 2, "excluded_lines": 0, "percent_statements_covered": 98.36065573770492, "percent_statements_covered_display": "98"}, "missing_lines": [198, 199], "excluded_lines": [], "functions": {"_get_session_auth_context": {"executed_lines": [33, 36, 37, 39, 40, 41, 43, 45, 48, 49, 50, 53, 54, 56, 57, 58, 59, 62, 63, 64, 65, 67, 70, 78, 83, 84, 85], "summary": {"covered_lines": 27, "num_statements": 27, "percent_covered": 100.0, "percent_covered_display": "100", "missing_lines": 0, "excluded_lines": 0, "percent_statements_covered": 100.0, "percent_statements_covered_display": "100"}, "missing_lines": [], "excluded_lines": []}, "AuthContext.__init__": {"executed_lines": [97, 98, 99], "summary": {"covered_lines": 3, "num_statements": 3, "percent_covered": 100.0, "percent_covered_display": "100", "missing_lines": 0, "excluded_lines": 0, "percent_statements_covered": 100.0, "percent_statements_covered_display": "100"}, "missing_lines": [], "excluded_lines": []}, "AuthContext.team_id": {"executed_lines": [104], "summary": {"covered_lines": 1, "num_statements": 1, "percent_covered": 100.0, "percent_covered_display": "100", "missing_lines": 0, "excluded_lines": 0, "percent_statements_covered": 100.0, "percent_statements_covered_display": "100"}, "missing_lines": [], "excluded_lines": []}, "AuthContext.has_scope": {"executed_lines": [109, 110, 111], "summary": {"covered_lines": 3, "num_statements": 3, "percent_covered": 100.0, "percent_covered_display": "100", "missing_lines": 0, "excluded_lines": 0, "percent_statements_covered": 100.0, "percent_statements_covered_display": "100"}, "missing_lines": [], "excluded_lines": []}, "AuthContext.require_scope": {"executed_lines": [115, 116], "summary": {"covered_lines": 2, "num_statements": 2, "percent_covered": 100.0, "percent_covered_display": "100", "missing_lines": 0, "excluded_lines": 0, "percent_statements_covered": 100.0, "percent_statements_covered_display": "100"}, "missing_lines": [], "excluded_lines": []}, "get_auth_context": {"executed_lines": [139, 140, 142, 145, 148, 151, 154, 161, 164, 166, 168, 169, 173, 174, 175, 178, 185, 190, 191, 194, 196, 197, 201, 208, 209, 215, 218, 220, 222, 223, 226, 227, 228, 230, 237, 242, 243, 246, 247, 248, 254, 255, 257, 262, 263], "summary": {"covered_lines": 45, "num_statements": 47, "percent_covered": 95.74468085106383, "percent_covered_display": "96", "missing_lines": 2, "excluded_lines": 0, "percent_statements_covered": 95.74468085106383, "percent_statements_covered_display": "96"}, "missing_lines": [198, 199], "excluded_lines": []}, "get_optional_auth_context": {"executed_lines": [281, 282, 284, 285, 286, 287], "summary": {"covered_lines": 6, "num_statements": 6, "percent_covered": 100.0, "percent_covered_display": "100", "missing_lines": 0, "excluded_lines": 0, "percent_statements_covered": 100.0, "percent_statements_covered_display": "100"}, "missing_lines": [], "excluded_lines": []}, "require_scope": {"executed_lines": [308, 311], "summary": {"covered_lines": 2, "num_statements": 2, "percent_covered": 100.0, "percent_covered_display": "100", "missing_lines": 0, "excluded_lines": 0, "percent_statements_covered": 100.0, "percent_statements_covered_display": "100"}, "missing_lines": [], "excluded_lines": []}, "require_scope.check_scope": {"executed_lines": [309], "summary": {"covered_lines": 1, "num_statements": 1, "percent_covered": 100.0, "percent_covered_display": "100", "missing_lines": 0, "excluded_lines": 0, "percent_statements_covered": 100.0, "percent_statements_covered_display": "100"}, "missing_lines": [], "excluded_lines": []}, "": {"executed_lines": [1, 3, 4, 5, 6, 8, 9, 10, 12, 13, 14, 15, 16, 17, 19, 22, 25, 88, 89, 91, 101, 102, 106, 113, 123, 267, 270, 291, 294, 315, 316, 317], "summary": {"covered_lines": 30, "num_statements": 30, "percent_covered": 100.0, "percent_covered_display": "100", "missing_lines": 0, "excluded_lines": 0, "percent_statements_covered": 100.0, "percent_statements_covered_display": "100"}, "missing_lines": [], "excluded_lines": []}}, "classes": {"AuthContext": {"executed_lines": [97, 98, 99, 104, 109, 110, 111, 115, 116], "summary": {"covered_lines": 9, "num_statements": 9, "percent_covered": 100.0, "percent_covered_display": "100", "missing_lines": 0, "excluded_lines": 0, "percent_statements_covered": 100.0, "percent_statements_covered_display": "100"}, "missing_lines": [], "excluded_lines": []}, "": {"executed_lines": [1, 3, 4, 5, 6, 8, 9, 10, 12, 13, 14, 15, 16, 17, 19, 22, 25, 33, 36, 37, 39, 40, 41, 43, 45, 48, 49, 50, 53, 54, 56, 57, 58, 59, 62, 63, 64, 65, 67, 70, 78, 83, 84, 85, 88, 89, 91, 101, 102, 106, 113, 123, 139, 140, 142, 145, 148, 151, 154, 161, 164, 166, 168, 169, 173, 174, 175, 178, 185, 190, 191, 194, 196, 197, 201, 208, 209, 215, 218, 220, 222, 223, 226, 227, 228, 230, 237, 242, 243, 246, 247, 248, 254, 255, 257, 262, 263, 267, 270, 281, 282, 284, 285, 286, 287, 291, 294, 308, 309, 311, 315, 316, 317], "summary": {"covered_lines": 111, "num_statements": 113, "percent_covered": 98.23008849557522, "percent_covered_display": "98", "missing_lines": 2, "excluded_lines": 0, "percent_statements_covered": 98.23008849557522, "percent_statements_covered_display": "98"}, "missing_lines": [198, 199], "excluded_lines": []}}}, "src/tessera/api/bulk.py": {"executed_lines": [1, 3, 4, 6, 7, 8, 10, 11, 12, 13, 22, 31, 38, 43, 45, 48, 49, 50, 64, 65, 66, 68, 69, 71, 78, 81, 88, 91, 92, 93, 97, 104, 109, 110, 111, 112, 120, 121, 123, 130, 136, 137, 138, 141, 153, 160, 162, 163, 170, 181, 189, 190, 191, 204, 205, 206, 208, 209, 211, 218, 221, 222, 228, 233, 234, 235, 236, 244, 245, 247, 254, 263, 264, 265, 268, 281, 288, 290, 291, 298, 309, 317, 323, 330, 332, 336, 341, 343, 347, 350, 352, 353, 355, 356, 359, 360, 361, 375, 376, 377, 379, 380, 382, 389, 392, 393, 394, 399, 400, 406, 411, 419, 420, 432, 440, 441, 442, 445, 453, 456, 457, 458, 459, 460, 465, 468, 469, 470, 471, 472, 473, 478, 482, 490, 492, 493, 500, 501, 515], "summary": {"covered_lines": 138, "num_statements": 163, "percent_covered": 84.66257668711657, "percent_covered_display": "85", "missing_lines": 25, "excluded_lines": 0, "percent_statements_covered": 84.66257668711657, "percent_statements_covered_display": "85"}, "missing_lines": [72, 82, 98, 171, 172, 179, 212, 299, 300, 307, 333, 344, 383, 412, 421, 422, 425, 426, 480, 502, 503, 504, 511, 512, 513], "excluded_lines": [], "functions": {"bulk_create_registrations": {"executed_lines": [64, 65, 66, 68, 69, 71, 78, 81, 88, 91, 92, 93, 97, 104, 109, 110, 111, 112, 120, 121, 123, 130, 136, 137, 138, 141, 153, 160, 162, 163, 170, 181], "summary": {"covered_lines": 32, "num_statements": 38, "percent_covered": 84.21052631578948, "percent_covered_display": "84", "missing_lines": 6, "excluded_lines": 0, "percent_statements_covered": 84.21052631578948, "percent_statements_covered_display": "84"}, "missing_lines": [72, 82, 98, 171, 172, 179], "excluded_lines": []}, "bulk_create_assets": {"executed_lines": [204, 205, 206, 208, 209, 211, 218, 221, 222, 228, 233, 234, 235, 236, 244, 245, 247, 254, 263, 264, 265, 268, 281, 288, 290, 291, 298, 309], "summary": {"covered_lines": 28, "num_statements": 32, "percent_covered": 87.5, "percent_covered_display": "88", "missing_lines": 4, "excluded_lines": 0, "percent_statements_covered": 87.5, "percent_statements_covered_display": "88"}, "missing_lines": [212, 299, 300, 307], "excluded_lines": []}, "_check_proposal_completion": {"executed_lines": [323, 330, 332, 336, 341, 343, 347, 350, 352, 353, 355, 356], "summary": {"covered_lines": 12, "num_statements": 14, "percent_covered": 85.71428571428571, "percent_covered_display": "86", "missing_lines": 2, "excluded_lines": 0, "percent_statements_covered": 85.71428571428571, "percent_statements_covered_display": "86"}, "missing_lines": [333, 344], "excluded_lines": []}, "bulk_acknowledge_proposals": {"executed_lines": [375, 376, 377, 379, 380, 382, 389, 392, 393, 394, 399, 400, 406, 411, 419, 420, 432, 440, 441, 442, 445, 453, 456, 457, 458, 459, 460, 465, 468, 469, 470, 471, 472, 473, 478, 482, 490, 492, 493, 500, 501, 515], "summary": {"covered_lines": 42, "num_statements": 55, "percent_covered": 76.36363636363636, "percent_covered_display": "76", "missing_lines": 13, "excluded_lines": 0, "percent_statements_covered": 76.36363636363636, "percent_statements_covered_display": "76"}, "missing_lines": [383, 412, 421, 422, 425, 426, 480, 502, 503, 504, 511, 512, 513], "excluded_lines": []}, "": {"executed_lines": [1, 3, 4, 6, 7, 8, 10, 11, 12, 13, 22, 31, 38, 43, 45, 48, 49, 50, 189, 190, 191, 317, 359, 360, 361], "summary": {"covered_lines": 24, "num_statements": 24, "percent_covered": 100.0, "percent_covered_display": "100", "missing_lines": 0, "excluded_lines": 0, "percent_statements_covered": 100.0, "percent_statements_covered_display": "100"}, "missing_lines": [], "excluded_lines": []}}, "classes": {"": {"executed_lines": [1, 3, 4, 6, 7, 8, 10, 11, 12, 13, 22, 31, 38, 43, 45, 48, 49, 50, 64, 65, 66, 68, 69, 71, 78, 81, 88, 91, 92, 93, 97, 104, 109, 110, 111, 112, 120, 121, 123, 130, 136, 137, 138, 141, 153, 160, 162, 163, 170, 181, 189, 190, 191, 204, 205, 206, 208, 209, 211, 218, 221, 222, 228, 233, 234, 235, 236, 244, 245, 247, 254, 263, 264, 265, 268, 281, 288, 290, 291, 298, 309, 317, 323, 330, 332, 336, 341, 343, 347, 350, 352, 353, 355, 356, 359, 360, 361, 375, 376, 377, 379, 380, 382, 389, 392, 393, 394, 399, 400, 406, 411, 419, 420, 432, 440, 441, 442, 445, 453, 456, 457, 458, 459, 460, 465, 468, 469, 470, 471, 472, 473, 478, 482, 490, 492, 493, 500, 501, 515], "summary": {"covered_lines": 138, "num_statements": 163, "percent_covered": 84.66257668711657, "percent_covered_display": "85", "missing_lines": 25, "excluded_lines": 0, "percent_statements_covered": 84.66257668711657, "percent_statements_covered_display": "85"}, "missing_lines": [72, 82, 98, 171, 172, 179, 212, 299, 300, 307, 333, 344, 383, 412, 421, 422, 425, 426, 480, 502, 503, 504, 511, 512, 513], "excluded_lines": []}}}, "src/tessera/api/contracts.py": {"executed_lines": [1, 3, 4, 6, 7, 8, 9, 11, 12, 13, 14, 15, 16, 17, 22, 23, 24, 30, 33, 36, 38, 41, 42, 44, 45, 46, 49, 50, 52, 53, 54, 55, 56, 57, 58, 61, 62, 64, 67, 68, 69, 83, 86, 87, 88, 89, 90, 91, 95, 96, 97, 100, 101, 113, 114, 115, 117, 118, 119, 120, 121, 122, 124, 132, 133, 134, 146, 149, 150, 157, 160, 161, 169, 172, 173, 182, 183, 185, 193, 194, 196, 217, 218, 219, 231, 232, 236, 237, 247, 248, 249, 255, 256, 257, 258, 261, 263, 266, 267, 268, 282, 287, 288, 289, 296, 299, 300, 306, 313, 316, 317, 318, 321, 330, 332, 334, 337, 338, 339, 351, 354, 355, 356, 364, 372, 375, 376, 379, 380, 381, 383, 384, 385, 386, 387, 389, 397, 398, 399, 425, 426, 427, 428, 431, 439, 440, 441, 442, 448, 458, 468, 484], "summary": {"covered_lines": 148, "num_statements": 163, "percent_covered": 90.79754601226993, "percent_covered_display": "91", "missing_lines": 15, "excluded_lines": 0, "percent_statements_covered": 90.79754601226993, "percent_statements_covered_display": "91"}, "missing_lines": [92, 151, 162, 175, 176, 178, 179, 233, 307, 357, 432, 443, 444, 445, 446], "excluded_lines": [], "functions": {"list_contracts": {"executed_lines": [83, 86, 87, 88, 89, 90, 91, 95, 96, 97, 100, 101, 113, 114, 115, 117, 118, 119, 120, 121, 122, 124], "summary": {"covered_lines": 22, "num_statements": 23, "percent_covered": 95.65217391304348, "percent_covered_display": "96", "missing_lines": 1, "excluded_lines": 0, "percent_statements_covered": 95.65217391304348, "percent_statements_covered_display": "96"}, "missing_lines": [92], "excluded_lines": []}, "compare_contracts": {"executed_lines": [146, 149, 150, 157, 160, 161, 169, 172, 173, 182, 183, 185, 193, 194, 196], "summary": {"covered_lines": 15, "num_statements": 21, "percent_covered": 71.42857142857143, "percent_covered_display": "71", "missing_lines": 6, "excluded_lines": 0, "percent_statements_covered": 71.42857142857143, "percent_statements_covered_display": "71"}, "missing_lines": [151, 162, 175, 176, 178, 179], "excluded_lines": []}, "get_contract": {"executed_lines": [231, 232, 236, 237, 247, 248, 249, 255, 256, 257, 258, 261, 263], "summary": {"covered_lines": 13, "num_statements": 14, "percent_covered": 92.85714285714286, "percent_covered_display": "93", "missing_lines": 1, "excluded_lines": 0, "percent_statements_covered": 92.85714285714286, "percent_statements_covered_display": "93"}, "missing_lines": [233], "excluded_lines": []}, "update_guarantees": {"executed_lines": [282, 287, 288, 289, 296, 299, 300, 306, 313, 316, 317, 318, 321, 330, 332, 334], "summary": {"covered_lines": 16, "num_statements": 17, "percent_covered": 94.11764705882354, "percent_covered_display": "94", "missing_lines": 1, "excluded_lines": 0, "percent_statements_covered": 94.11764705882354, "percent_statements_covered_display": "94"}, "missing_lines": [307], "excluded_lines": []}, "list_contract_registrations": {"executed_lines": [351, 354, 355, 356, 364, 372, 375, 376, 379, 380, 381, 383, 384, 385, 386, 387, 389], "summary": {"covered_lines": 17, "num_statements": 18, "percent_covered": 94.44444444444444, "percent_covered_display": "94", "missing_lines": 1, "excluded_lines": 0, "percent_statements_covered": 94.44444444444444, "percent_statements_covered_display": "94"}, "missing_lines": [357], "excluded_lines": []}, "bulk_publish_contracts": {"executed_lines": [425, 426, 427, 428, 431, 439, 440, 441, 442, 448, 458, 468, 484], "summary": {"covered_lines": 13, "num_statements": 18, "percent_covered": 72.22222222222223, "percent_covered_display": "72", "missing_lines": 5, "excluded_lines": 0, "percent_statements_covered": 72.22222222222223, "percent_statements_covered_display": "72"}, "missing_lines": [432, 443, 444, 445, 446], "excluded_lines": []}, "": {"executed_lines": [1, 3, 4, 6, 7, 8, 9, 11, 12, 13, 14, 15, 16, 17, 22, 23, 24, 30, 33, 36, 38, 41, 42, 44, 45, 46, 49, 50, 52, 53, 54, 55, 56, 57, 58, 61, 62, 64, 67, 68, 69, 132, 133, 134, 217, 218, 219, 266, 267, 268, 337, 338, 339, 397, 398, 399], "summary": {"covered_lines": 52, "num_statements": 52, "percent_covered": 100.0, "percent_covered_display": "100", "missing_lines": 0, "excluded_lines": 0, "percent_statements_covered": 100.0, "percent_statements_covered_display": "100"}, "missing_lines": [], "excluded_lines": []}}, "classes": {"ContractCompareRequest": {"executed_lines": [], "summary": {"covered_lines": 0, "num_statements": 0, "percent_covered": 100.0, "percent_covered_display": "100", "missing_lines": 0, "excluded_lines": 0, "percent_statements_covered": 100.0, "percent_statements_covered_display": "100"}, "missing_lines": [], "excluded_lines": []}, "ContractCompareResponse": {"executed_lines": [], "summary": {"covered_lines": 0, "num_statements": 0, "percent_covered": 100.0, "percent_covered_display": "100", "missing_lines": 0, "excluded_lines": 0, "percent_statements_covered": 100.0, "percent_statements_covered_display": "100"}, "missing_lines": [], "excluded_lines": []}, "GuaranteesUpdate": {"executed_lines": [], "summary": {"covered_lines": 0, "num_statements": 0, "percent_covered": 100.0, "percent_covered_display": "100", "missing_lines": 0, "excluded_lines": 0, "percent_statements_covered": 100.0, "percent_statements_covered_display": "100"}, "missing_lines": [], "excluded_lines": []}, "": {"executed_lines": [1, 3, 4, 6, 7, 8, 9, 11, 12, 13, 14, 15, 16, 17, 22, 23, 24, 30, 33, 36, 38, 41, 42, 44, 45, 46, 49, 50, 52, 53, 54, 55, 56, 57, 58, 61, 62, 64, 67, 68, 69, 83, 86, 87, 88, 89, 90, 91, 95, 96, 97, 100, 101, 113, 114, 115, 117, 118, 119, 120, 121, 122, 124, 132, 133, 134, 146, 149, 150, 157, 160, 161, 169, 172, 173, 182, 183, 185, 193, 194, 196, 217, 218, 219, 231, 232, 236, 237, 247, 248, 249, 255, 256, 257, 258, 261, 263, 266, 267, 268, 282, 287, 288, 289, 296, 299, 300, 306, 313, 316, 317, 318, 321, 330, 332, 334, 337, 338, 339, 351, 354, 355, 356, 364, 372, 375, 376, 379, 380, 381, 383, 384, 385, 386, 387, 389, 397, 398, 399, 425, 426, 427, 428, 431, 439, 440, 441, 442, 448, 458, 468, 484], "summary": {"covered_lines": 148, "num_statements": 163, "percent_covered": 90.79754601226993, "percent_covered_display": "91", "missing_lines": 15, "excluded_lines": 0, "percent_statements_covered": 90.79754601226993, "percent_statements_covered_display": "91"}, "missing_lines": [92, 151, 162, 175, 176, 178, 179, 233, 307, 357, 432, 443, 444, 445, 446], "excluded_lines": []}}}, "src/tessera/api/dependencies.py": {"executed_lines": [1, 3, 4, 5, 7, 8, 9, 11, 12, 19, 20, 21, 29, 30, 31, 33, 36, 37, 38, 47, 48, 49, 52, 58, 61, 62, 64, 65, 67, 72, 73, 75, 80, 81, 82, 83, 86, 87, 88, 101, 102, 103, 105, 106, 109, 110, 111, 121, 124, 125, 129, 135, 140, 141, 142, 144, 145, 148, 149, 150, 158, 159, 160, 163, 168, 169, 170, 171, 173, 174, 176, 187, 198, 199, 200, 218, 221, 223, 224, 225, 230, 232, 233, 234, 236, 237, 238, 253, 264, 275, 277, 283, 284, 285, 295, 305, 306], "summary": {"covered_lines": 96, "num_statements": 105, "percent_covered": 91.42857142857143, "percent_covered_display": "91", "missing_lines": 9, "excluded_lines": 0, "percent_statements_covered": 91.42857142857143, "percent_statements_covered_display": "91"}, "missing_lines": [50, 53, 126, 130, 161, 202, 208, 209, 286], "excluded_lines": [], "functions": {"create_dependency": {"executed_lines": [47, 48, 49, 52, 58, 61, 62, 64, 65, 67, 72, 73, 75, 80, 81, 82, 83], "summary": {"covered_lines": 17, "num_statements": 19, "percent_covered": 89.47368421052632, "percent_covered_display": "89", "missing_lines": 2, "excluded_lines": 0, "percent_statements_covered": 89.47368421052632, "percent_statements_covered_display": "89"}, "missing_lines": [50, 53], "excluded_lines": []}, "list_dependencies": {"executed_lines": [101, 102, 103, 105, 106], "summary": {"covered_lines": 5, "num_statements": 5, "percent_covered": 100.0, "percent_covered_display": "100", "missing_lines": 0, "excluded_lines": 0, "percent_statements_covered": 100.0, "percent_statements_covered_display": "100"}, "missing_lines": [], "excluded_lines": []}, "delete_dependency": {"executed_lines": [121, 124, 125, 129, 135, 140, 141, 142, 144, 145], "summary": {"covered_lines": 10, "num_statements": 12, "percent_covered": 83.33333333333333, "percent_covered_display": "83", "missing_lines": 2, "excluded_lines": 0, "percent_statements_covered": 83.33333333333333, "percent_statements_covered_display": "83"}, "missing_lines": [126, 130], "excluded_lines": []}, "get_lineage": {"executed_lines": [158, 159, 160, 163, 168, 169, 170, 171, 173, 174, 176, 187, 198, 199, 200, 218, 221, 223, 224, 225, 230, 232, 233, 234, 236, 237, 238, 253, 264, 275, 277, 283, 284, 285, 295, 305, 306], "summary": {"covered_lines": 37, "num_statements": 42, "percent_covered": 88.0952380952381, "percent_covered_display": "88", "missing_lines": 5, "excluded_lines": 0, "percent_statements_covered": 88.0952380952381, "percent_statements_covered_display": "88"}, "missing_lines": [161, 202, 208, 209, 286], "excluded_lines": []}, "": {"executed_lines": [1, 3, 4, 5, 7, 8, 9, 11, 12, 19, 20, 21, 29, 30, 31, 33, 36, 37, 38, 86, 87, 88, 109, 110, 111, 148, 149, 150], "summary": {"covered_lines": 27, "num_statements": 27, "percent_covered": 100.0, "percent_covered_display": "100", "missing_lines": 0, "excluded_lines": 0, "percent_statements_covered": 100.0, "percent_statements_covered_display": "100"}, "missing_lines": [], "excluded_lines": []}}, "classes": {"": {"executed_lines": [1, 3, 4, 5, 7, 8, 9, 11, 12, 19, 20, 21, 29, 30, 31, 33, 36, 37, 38, 47, 48, 49, 52, 58, 61, 62, 64, 65, 67, 72, 73, 75, 80, 81, 82, 83, 86, 87, 88, 101, 102, 103, 105, 106, 109, 110, 111, 121, 124, 125, 129, 135, 140, 141, 142, 144, 145, 148, 149, 150, 158, 159, 160, 163, 168, 169, 170, 171, 173, 174, 176, 187, 198, 199, 200, 218, 221, 223, 224, 225, 230, 232, 233, 234, 236, 237, 238, 253, 264, 275, 277, 283, 284, 285, 295, 305, 306], "summary": {"covered_lines": 96, "num_statements": 105, "percent_covered": 91.42857142857143, "percent_covered_display": "91", "missing_lines": 9, "excluded_lines": 0, "percent_statements_covered": 91.42857142857143, "percent_statements_covered_display": "91"}, "missing_lines": [50, 53, 126, 130, 161, 202, 208, 209, 286], "excluded_lines": []}}}, "src/tessera/api/errors.py": {"executed_lines": [1, 3, 4, 5, 6, 8, 9, 10, 11, 12, 15, 16, 19, 20, 21, 22, 23, 24, 25, 26, 27, 28, 31, 32, 33, 34, 35, 36, 37, 38, 41, 42, 43, 44, 45, 46, 49, 50, 51, 52, 53, 54, 55, 56, 57, 58, 59, 60, 61, 62, 63, 64, 65, 68, 69, 70, 71, 72, 73, 76, 77, 78, 81, 82, 84, 91, 92, 93, 94, 95, 98, 99, 101, 107, 110, 111, 113, 119, 122, 123, 125, 131, 134, 135, 137, 143, 146, 147, 149, 156, 157, 160, 161, 163, 170, 171, 172, 175, 176, 178, 187, 188, 190, 191, 192, 193, 194, 195, 198, 199, 211, 212, 213, 215, 216, 219, 220, 221, 222, 223, 228, 233, 244, 248, 251, 253, 256, 264, 270, 271, 272, 275, 277, 278, 279, 292, 294, 297, 303, 308, 309, 310, 312, 324, 352], "summary": {"covered_lines": 133, "num_statements": 147, "percent_covered": 90.47619047619048, "percent_covered_display": "90", "missing_lines": 14, "excluded_lines": 0, "percent_statements_covered": 90.47619047619048, "percent_statements_covered_display": "90"}, "missing_lines": [184, 229, 234, 298, 299, 300, 326, 329, 330, 331, 332, 340, 354, 355], "excluded_lines": [], "functions": {"APIError.__init__": {"executed_lines": [91, 92, 93, 94, 95], "summary": {"covered_lines": 5, "num_statements": 5, "percent_covered": 100.0, "percent_covered_display": "100", "missing_lines": 0, "excluded_lines": 0, "percent_statements_covered": 100.0, "percent_statements_covered_display": "100"}, "missing_lines": [], "excluded_lines": []}, "NotFoundError.__init__": {"executed_lines": [107], "summary": {"covered_lines": 1, "num_statements": 1, "percent_covered": 100.0, "percent_covered_display": "100", "missing_lines": 0, "excluded_lines": 0, "percent_statements_covered": 100.0, "percent_statements_covered_display": "100"}, "missing_lines": [], "excluded_lines": []}, "DuplicateError.__init__": {"executed_lines": [119], "summary": {"covered_lines": 1, "num_statements": 1, "percent_covered": 100.0, "percent_covered_display": "100", "missing_lines": 0, "excluded_lines": 0, "percent_statements_covered": 100.0, "percent_statements_covered_display": "100"}, "missing_lines": [], "excluded_lines": []}, "ConflictError.__init__": {"executed_lines": [131], "summary": {"covered_lines": 1, "num_statements": 1, "percent_covered": 100.0, "percent_covered_display": "100", "missing_lines": 0, "excluded_lines": 0, "percent_statements_covered": 100.0, "percent_statements_covered_display": "100"}, "missing_lines": [], "excluded_lines": []}, "BadRequestError.__init__": {"executed_lines": [143], "summary": {"covered_lines": 1, "num_statements": 1, "percent_covered": 100.0, "percent_covered_display": "100", "missing_lines": 0, "excluded_lines": 0, "percent_statements_covered": 100.0, "percent_statements_covered_display": "100"}, "missing_lines": [], "excluded_lines": []}, "UnauthorizedError.__init__": {"executed_lines": [156, 157], "summary": {"covered_lines": 2, "num_statements": 2, "percent_covered": 100.0, "percent_covered_display": "100", "missing_lines": 0, "excluded_lines": 0, "percent_statements_covered": 100.0, "percent_statements_covered_display": "100"}, "missing_lines": [], "excluded_lines": []}, "ForbiddenError.__init__": {"executed_lines": [170, 171, 172], "summary": {"covered_lines": 3, "num_statements": 3, "percent_covered": 100.0, "percent_covered_display": "100", "missing_lines": 0, "excluded_lines": 0, "percent_statements_covered": 100.0, "percent_statements_covered_display": "100"}, "missing_lines": [], "excluded_lines": []}, "PreconditionFailedError.__init__": {"executed_lines": [], "summary": {"covered_lines": 0, "num_statements": 1, "percent_covered": 0.0, "percent_covered_display": "0", "missing_lines": 1, "excluded_lines": 0, "percent_statements_covered": 0.0, "percent_statements_covered_display": "0"}, "missing_lines": [184], "excluded_lines": []}, "RequestIDMiddleware.dispatch": {"executed_lines": [191, 192, 193, 194, 195], "summary": {"covered_lines": 5, "num_statements": 5, "percent_covered": 100.0, "percent_covered_display": "100", "missing_lines": 0, "excluded_lines": 0, "percent_statements_covered": 100.0, "percent_statements_covered_display": "100"}, "missing_lines": [], "excluded_lines": []}, "SecurityHeadersMiddleware.__init__": {"executed_lines": [212, 213], "summary": {"covered_lines": 2, "num_statements": 2, "percent_covered": 100.0, "percent_covered_display": "100", "missing_lines": 0, "excluded_lines": 0, "percent_statements_covered": 100.0, "percent_statements_covered_display": "100"}, "missing_lines": [], "excluded_lines": []}, "SecurityHeadersMiddleware.dispatch": {"executed_lines": [216, 219, 220, 221, 222, 223, 228, 233, 244, 248], "summary": {"covered_lines": 10, "num_statements": 12, "percent_covered": 83.33333333333333, "percent_covered_display": "83", "missing_lines": 2, "excluded_lines": 0, "percent_statements_covered": 83.33333333333333, "percent_statements_covered_display": "83"}, "missing_lines": [229, 234], "excluded_lines": []}, "get_request_id": {"executed_lines": [253], "summary": {"covered_lines": 1, "num_statements": 1, "percent_covered": 100.0, "percent_covered_display": "100", "missing_lines": 0, "excluded_lines": 0, "percent_statements_covered": 100.0, "percent_statements_covered_display": "100"}, "missing_lines": [], "excluded_lines": []}, "build_error_response": {"executed_lines": [264, 270, 271, 272], "summary": {"covered_lines": 4, "num_statements": 4, "percent_covered": 100.0, "percent_covered_display": "100", "missing_lines": 0, "excluded_lines": 0, "percent_statements_covered": 100.0, "percent_statements_covered_display": "100"}, "missing_lines": [], "excluded_lines": []}, "api_error_handler": {"executed_lines": [277, 278, 279], "summary": {"covered_lines": 3, "num_statements": 3, "percent_covered": 100.0, "percent_covered_display": "100", "missing_lines": 0, "excluded_lines": 0, "percent_statements_covered": 100.0, "percent_statements_covered_display": "100"}, "missing_lines": [], "excluded_lines": []}, "http_exception_handler": {"executed_lines": [294, 297, 303, 308, 309, 310, 312], "summary": {"covered_lines": 7, "num_statements": 10, "percent_covered": 70.0, "percent_covered_display": "70", "missing_lines": 3, "excluded_lines": 0, "percent_statements_covered": 70.0, "percent_statements_covered_display": "70"}, "missing_lines": [298, 299, 300], "excluded_lines": []}, "validation_exception_handler": {"executed_lines": [], "summary": {"covered_lines": 0, "num_statements": 6, "percent_covered": 0.0, "percent_covered_display": "0", "missing_lines": 6, "excluded_lines": 0, "percent_statements_covered": 0.0, "percent_statements_covered_display": "0"}, "missing_lines": [326, 329, 330, 331, 332, 340], "excluded_lines": []}, "generic_exception_handler": {"executed_lines": [], "summary": {"covered_lines": 0, "num_statements": 2, "percent_covered": 0.0, "percent_covered_display": "0", "missing_lines": 2, "excluded_lines": 0, "percent_statements_covered": 0.0, "percent_statements_covered_display": "0"}, "missing_lines": [354, 355], "excluded_lines": []}, "": {"executed_lines": [1, 3, 4, 5, 6, 8, 9, 10, 11, 12, 15, 16, 19, 20, 21, 22, 23, 24, 25, 26, 27, 28, 31, 32, 33, 34, 35, 36, 37, 38, 41, 42, 43, 44, 45, 46, 49, 50, 51, 52, 53, 54, 55, 56, 57, 58, 59, 60, 61, 62, 63, 64, 65, 68, 69, 70, 71, 72, 73, 76, 77, 78, 81, 82, 84, 98, 99, 101, 110, 111, 113, 122, 123, 125, 134, 135, 137, 146, 147, 149, 160, 161, 163, 175, 176, 178, 187, 188, 190, 198, 199, 211, 215, 251, 256, 275, 292, 324, 352], "summary": {"covered_lines": 87, "num_statements": 87, "percent_covered": 100.0, "percent_covered_display": "100", "missing_lines": 0, "excluded_lines": 0, "percent_statements_covered": 100.0, "percent_statements_covered_display": "100"}, "missing_lines": [], "excluded_lines": []}}, "classes": {"ErrorCode": {"executed_lines": [], "summary": {"covered_lines": 0, "num_statements": 0, "percent_covered": 100.0, "percent_covered_display": "100", "missing_lines": 0, "excluded_lines": 0, "percent_statements_covered": 100.0, "percent_statements_covered_display": "100"}, "missing_lines": [], "excluded_lines": []}, "APIError": {"executed_lines": [91, 92, 93, 94, 95], "summary": {"covered_lines": 5, "num_statements": 5, "percent_covered": 100.0, "percent_covered_display": "100", "missing_lines": 0, "excluded_lines": 0, "percent_statements_covered": 100.0, "percent_statements_covered_display": "100"}, "missing_lines": [], "excluded_lines": []}, "NotFoundError": {"executed_lines": [107], "summary": {"covered_lines": 1, "num_statements": 1, "percent_covered": 100.0, "percent_covered_display": "100", "missing_lines": 0, "excluded_lines": 0, "percent_statements_covered": 100.0, "percent_statements_covered_display": "100"}, "missing_lines": [], "excluded_lines": []}, "DuplicateError": {"executed_lines": [119], "summary": {"covered_lines": 1, "num_statements": 1, "percent_covered": 100.0, "percent_covered_display": "100", "missing_lines": 0, "excluded_lines": 0, "percent_statements_covered": 100.0, "percent_statements_covered_display": "100"}, "missing_lines": [], "excluded_lines": []}, "ConflictError": {"executed_lines": [131], "summary": {"covered_lines": 1, "num_statements": 1, "percent_covered": 100.0, "percent_covered_display": "100", "missing_lines": 0, "excluded_lines": 0, "percent_statements_covered": 100.0, "percent_statements_covered_display": "100"}, "missing_lines": [], "excluded_lines": []}, "BadRequestError": {"executed_lines": [143], "summary": {"covered_lines": 1, "num_statements": 1, "percent_covered": 100.0, "percent_covered_display": "100", "missing_lines": 0, "excluded_lines": 0, "percent_statements_covered": 100.0, "percent_statements_covered_display": "100"}, "missing_lines": [], "excluded_lines": []}, "UnauthorizedError": {"executed_lines": [156, 157], "summary": {"covered_lines": 2, "num_statements": 2, "percent_covered": 100.0, "percent_covered_display": "100", "missing_lines": 0, "excluded_lines": 0, "percent_statements_covered": 100.0, "percent_statements_covered_display": "100"}, "missing_lines": [], "excluded_lines": []}, "ForbiddenError": {"executed_lines": [170, 171, 172], "summary": {"covered_lines": 3, "num_statements": 3, "percent_covered": 100.0, "percent_covered_display": "100", "missing_lines": 0, "excluded_lines": 0, "percent_statements_covered": 100.0, "percent_statements_covered_display": "100"}, "missing_lines": [], "excluded_lines": []}, "PreconditionFailedError": {"executed_lines": [], "summary": {"covered_lines": 0, "num_statements": 1, "percent_covered": 0.0, "percent_covered_display": "0", "missing_lines": 1, "excluded_lines": 0, "percent_statements_covered": 0.0, "percent_statements_covered_display": "0"}, "missing_lines": [184], "excluded_lines": []}, "RequestIDMiddleware": {"executed_lines": [191, 192, 193, 194, 195], "summary": {"covered_lines": 5, "num_statements": 5, "percent_covered": 100.0, "percent_covered_display": "100", "missing_lines": 0, "excluded_lines": 0, "percent_statements_covered": 100.0, "percent_statements_covered_display": "100"}, "missing_lines": [], "excluded_lines": []}, "SecurityHeadersMiddleware": {"executed_lines": [212, 213, 216, 219, 220, 221, 222, 223, 228, 233, 244, 248], "summary": {"covered_lines": 12, "num_statements": 14, "percent_covered": 85.71428571428571, "percent_covered_display": "86", "missing_lines": 2, "excluded_lines": 0, "percent_statements_covered": 85.71428571428571, "percent_statements_covered_display": "86"}, "missing_lines": [229, 234], "excluded_lines": []}, "": {"executed_lines": [1, 3, 4, 5, 6, 8, 9, 10, 11, 12, 15, 16, 19, 20, 21, 22, 23, 24, 25, 26, 27, 28, 31, 32, 33, 34, 35, 36, 37, 38, 41, 42, 43, 44, 45, 46, 49, 50, 51, 52, 53, 54, 55, 56, 57, 58, 59, 60, 61, 62, 63, 64, 65, 68, 69, 70, 71, 72, 73, 76, 77, 78, 81, 82, 84, 98, 99, 101, 110, 111, 113, 122, 123, 125, 134, 135, 137, 146, 147, 149, 160, 161, 163, 175, 176, 178, 187, 188, 190, 198, 199, 211, 215, 251, 253, 256, 264, 270, 271, 272, 275, 277, 278, 279, 292, 294, 297, 303, 308, 309, 310, 312, 324, 352], "summary": {"covered_lines": 102, "num_statements": 113, "percent_covered": 90.26548672566372, "percent_covered_display": "90", "missing_lines": 11, "excluded_lines": 0, "percent_statements_covered": 90.26548672566372, "percent_statements_covered_display": "90"}, "missing_lines": [298, 299, 300, 326, 329, 330, 331, 332, 340, 354, 355], "excluded_lines": []}}}, "src/tessera/api/impact.py": {"executed_lines": [1, 3, 4, 6, 7, 8, 10, 11, 12, 13, 14, 22, 23, 25, 28, 29, 30, 31, 45, 46, 47, 51, 54, 55, 56, 59, 65, 72, 74, 75, 83, 84, 86, 87, 88, 90, 91, 92, 93, 95, 101, 103, 104, 110, 111, 112, 120, 125, 126, 127, 135, 137, 138, 140], "summary": {"covered_lines": 53, "num_statements": 54, "percent_covered": 98.14814814814815, "percent_covered_display": "98", "missing_lines": 1, "excluded_lines": 0, "percent_statements_covered": 98.14814814814815, "percent_statements_covered_display": "98"}, "missing_lines": [60], "excluded_lines": [], "functions": {"analyze_impact": {"executed_lines": [45, 46, 47, 51, 54, 55, 56, 59, 65, 72, 74, 75, 83, 84, 86, 87, 88, 90, 137, 138, 140], "summary": {"covered_lines": 21, "num_statements": 22, "percent_covered": 95.45454545454545, "percent_covered_display": "95", "missing_lines": 1, "excluded_lines": 0, "percent_statements_covered": 95.45454545454545, "percent_statements_covered_display": "95"}, "missing_lines": [60], "excluded_lines": []}, "analyze_impact.traverse": {"executed_lines": [91, 92, 93, 95, 101, 103, 104, 110, 111, 112, 120, 125, 126, 127, 135], "summary": {"covered_lines": 15, "num_statements": 15, "percent_covered": 100.0, "percent_covered_display": "100", "missing_lines": 0, "excluded_lines": 0, "percent_statements_covered": 100.0, "percent_statements_covered_display": "100"}, "missing_lines": [], "excluded_lines": []}, "": {"executed_lines": [1, 3, 4, 6, 7, 8, 10, 11, 12, 13, 14, 22, 23, 25, 28, 29, 30, 31], "summary": {"covered_lines": 17, "num_statements": 17, "percent_covered": 100.0, "percent_covered_display": "100", "missing_lines": 0, "excluded_lines": 0, "percent_statements_covered": 100.0, "percent_statements_covered_display": "100"}, "missing_lines": [], "excluded_lines": []}}, "classes": {"": {"executed_lines": [1, 3, 4, 6, 7, 8, 10, 11, 12, 13, 14, 22, 23, 25, 28, 29, 30, 31, 45, 46, 47, 51, 54, 55, 56, 59, 65, 72, 74, 75, 83, 84, 86, 87, 88, 90, 91, 92, 93, 95, 101, 103, 104, 110, 111, 112, 120, 125, 126, 127, 135, 137, 138, 140], "summary": {"covered_lines": 53, "num_statements": 54, "percent_covered": 98.14814814814815, "percent_covered_display": "98", "missing_lines": 1, "excluded_lines": 0, "percent_statements_covered": 98.14814814814815, "percent_statements_covered_display": "98"}, "missing_lines": [60], "excluded_lines": []}}}, "src/tessera/api/pagination.py": {"executed_lines": [1, 3, 4, 6, 7, 8, 9, 11, 13, 16, 17, 19, 20, 23, 24, 26, 27, 28, 29, 32, 42, 45, 47, 50, 70, 71, 72, 75, 76, 79, 80, 81, 84, 85, 89], "summary": {"covered_lines": 32, "num_statements": 33, "percent_covered": 96.96969696969697, "percent_covered_display": "97", "missing_lines": 1, "excluded_lines": 0, "percent_statements_covered": 96.96969696969697, "percent_statements_covered_display": "97"}, "missing_lines": [87], "excluded_lines": [], "functions": {"pagination_params": {"executed_lines": [42], "summary": {"covered_lines": 1, "num_statements": 1, "percent_covered": 100.0, "percent_covered_display": "100", "missing_lines": 0, "excluded_lines": 0, "percent_statements_covered": 100.0, "percent_statements_covered_display": "100"}, "missing_lines": [], "excluded_lines": []}, "set_total_count_header": {"executed_lines": [47], "summary": {"covered_lines": 1, "num_statements": 1, "percent_covered": 100.0, "percent_covered_display": "100", "missing_lines": 0, "excluded_lines": 0, "percent_statements_covered": 100.0, "percent_statements_covered_display": "100"}, "missing_lines": [], "excluded_lines": []}, "paginate": {"executed_lines": [70, 71, 72, 75, 76, 79, 80, 81, 84, 85, 89], "summary": {"covered_lines": 11, "num_statements": 12, "percent_covered": 91.66666666666667, "percent_covered_display": "92", "missing_lines": 1, "excluded_lines": 0, "percent_statements_covered": 91.66666666666667, "percent_statements_covered_display": "92"}, "missing_lines": [87], "excluded_lines": []}, "": {"executed_lines": [1, 3, 4, 6, 7, 8, 9, 11, 13, 16, 17, 19, 20, 23, 24, 26, 27, 28, 29, 32, 45, 50], "summary": {"covered_lines": 19, "num_statements": 19, "percent_covered": 100.0, "percent_covered_display": "100", "missing_lines": 0, "excluded_lines": 0, "percent_statements_covered": 100.0, "percent_statements_covered_display": "100"}, "missing_lines": [], "excluded_lines": []}}, "classes": {"PaginationParams": {"executed_lines": [], "summary": {"covered_lines": 0, "num_statements": 0, "percent_covered": 100.0, "percent_covered_display": "100", "missing_lines": 0, "excluded_lines": 0, "percent_statements_covered": 100.0, "percent_statements_covered_display": "100"}, "missing_lines": [], "excluded_lines": []}, "PaginatedResponse": {"executed_lines": [], "summary": {"covered_lines": 0, "num_statements": 0, "percent_covered": 100.0, "percent_covered_display": "100", "missing_lines": 0, "excluded_lines": 0, "percent_statements_covered": 100.0, "percent_statements_covered_display": "100"}, "missing_lines": [], "excluded_lines": []}, "": {"executed_lines": [1, 3, 4, 6, 7, 8, 9, 11, 13, 16, 17, 19, 20, 23, 24, 26, 27, 28, 29, 32, 42, 45, 47, 50, 70, 71, 72, 75, 76, 79, 80, 81, 84, 85, 89], "summary": {"covered_lines": 32, "num_statements": 33, "percent_covered": 96.96969696969697, "percent_covered_display": "97", "missing_lines": 1, "excluded_lines": 0, "percent_statements_covered": 96.96969696969697, "percent_statements_covered_display": "97"}, "missing_lines": [87], "excluded_lines": []}}}, "src/tessera/api/proposals.py": {"executed_lines": [1, 3, 4, 5, 7, 8, 9, 10, 12, 13, 20, 21, 22, 33, 34, 44, 45, 52, 53, 54, 60, 63, 68, 70, 76, 77, 78, 88, 89, 91, 92, 93, 96, 105, 112, 115, 119, 124, 127, 131, 134, 137, 138, 141, 143, 146, 147, 148, 175, 176, 228, 229, 231, 232, 233, 234, 235, 237, 238, 241, 242, 243, 246, 247, 249, 250, 251, 252, 253, 255, 256, 257, 259, 260, 262, 263, 266, 267, 270, 275, 280, 287, 288, 289, 290, 293, 294, 295, 296, 302, 305, 306, 307, 308, 310, 325, 333, 334, 335, 346, 347, 348, 349, 350, 353, 354, 355, 367, 372, 373, 374, 375, 378, 381, 384, 385, 392, 393, 394, 399, 402, 403, 404, 407, 408, 410, 411, 415, 416, 419, 420, 427, 428, 429, 430, 431, 432, 433, 434, 436, 451, 452, 453, 454, 455, 463, 464, 467, 470, 473, 474, 481, 508, 509, 510, 525, 526, 533, 538, 539, 540, 541, 542, 544, 545, 548, 549, 550, 551, 554, 559, 564, 572, 573, 574, 576, 585, 588, 589, 590, 591, 592, 593, 599, 609, 615, 618, 632, 640, 641, 642, 643, 644, 645, 651, 660, 665, 668, 669, 670, 681, 686, 687, 688, 689, 690, 693, 700, 701, 703, 704, 705, 706, 709, 717, 720, 721, 722, 741, 749, 754, 755, 757, 758, 760, 764, 765, 766, 770, 771, 772, 779, 780, 781, 782, 788, 789, 796, 806, 807, 808, 810, 811, 813, 824, 825, 826, 839, 846, 851, 852, 853, 854, 855, 857, 858, 861, 862, 864, 865, 866, 867, 869, 876, 886, 889, 890, 891, 906, 914, 915, 916, 917, 919, 920, 927, 928, 935, 936, 937, 941, 948, 952, 955, 958, 967, 970, 971, 973, 974, 976, 985, 988, 991, 1002, 1003, 1009, 1015, 1018, 1019, 1020, 1031, 1033, 1038, 1039, 1040, 1041, 1042, 1045, 1056, 1057, 1063, 1064, 1067, 1070, 1071, 1072], "summary": {"covered_lines": 315, "num_statements": 374, "percent_covered": 84.22459893048128, "percent_covered_display": "84", "missing_lines": 59, "excluded_lines": 0, "percent_statements_covered": 84.22459893048128, "percent_statements_covered_display": "84"}, "missing_lines": [79, 116, 128, 177, 179, 184, 186, 188, 191, 196, 198, 199, 202, 203, 205, 206, 207, 209, 210, 213, 218, 219, 221, 222, 224, 225, 230, 236, 248, 254, 409, 412, 421, 424, 435, 475, 560, 694, 742, 756, 761, 767, 790, 791, 792, 793, 840, 907, 929, 930, 938, 1010, 1050, 1065, 1083, 1086, 1087, 1093, 1095], "excluded_lines": [], "functions": {"_get_asset_audit_info": {"executed_lines": [68, 70, 76, 77, 78], "summary": {"covered_lines": 5, "num_statements": 6, "percent_covered": 83.33333333333333, "percent_covered_display": "83", "missing_lines": 1, "excluded_lines": 0, "percent_statements_covered": 83.33333333333333, "percent_statements_covered_display": "83"}, "missing_lines": [79], "excluded_lines": []}, "check_proposal_completion": {"executed_lines": [105, 112, 115, 119, 124, 127, 131, 134, 137, 138, 141, 143], "summary": {"covered_lines": 12, "num_statements": 14, "percent_covered": 85.71428571428571, "percent_covered_display": "86", "missing_lines": 2, "excluded_lines": 0, "percent_statements_covered": 85.71428571428571, "percent_statements_covered_display": "86"}, "missing_lines": [116, 128], "excluded_lines": []}, "list_proposals": {"executed_lines": [175, 176, 228, 229, 231, 232, 233, 234, 235, 237, 238, 241, 242, 243, 246, 247, 249, 250, 251, 252, 253, 255, 256, 257, 259, 260, 262, 263, 266, 267, 270, 275, 280, 287, 288, 289, 290, 293, 294, 295, 296, 302, 305, 306, 307, 308, 310, 325], "summary": {"covered_lines": 48, "num_statements": 75, "percent_covered": 64.0, "percent_covered_display": "64", "missing_lines": 27, "excluded_lines": 0, "percent_statements_covered": 64.0, "percent_statements_covered_display": "64"}, "missing_lines": [177, 179, 184, 186, 188, 191, 196, 198, 199, 202, 203, 205, 206, 207, 209, 210, 213, 218, 219, 221, 222,
[...]
0, 1021, 1023, 1024, 1026, 1027, 1030, 1040, 1051], "summary": {"covered_lines": 127, "num_statements": 127, "percent_covered": 100.0, "percent_covered_display": "100", "missing_lines": 0, "excluded_lines": 0, "percent_statements_covered": 100.0, "percent_statements_covered_display": "100"}, "missing_lines": [], "excluded_lines": []}}, "classes": {"ChangeKind": {"executed_lines": [], "summary": {"covered_lines": 0, "num_statements": 0, "percent_covered": 100.0, "percent_covered_display": "100", "missing_lines": 0, "excluded_lines": 0, "percent_statements_covered": 100.0, "percent_statements_covered_display": "100"}, "missing_lines": [], "excluded_lines": []}, "BreakingChange": {"executed_lines": [82], "summary": {"covered_lines": 1, "num_statements": 1, "percent_covered": 100.0, "percent_covered_display": "100", "missing_lines": 0, "excluded_lines": 0, "percent_statements_covered": 100.0, "percent_statements_covered_display": "100"}, "missing_lines": [], "excluded_lines": []}, "SchemaDiffResult": {"executed_lines": [100, 104, 105, 107, 113], "summary": {"covered_lines": 5, "num_statements": 6, "percent_covered": 83.33333333333333, "percent_covered_display": "83", "missing_lines": 1, "excluded_lines": 0, "percent_statements_covered": 83.33333333333333, "percent_statements_covered_display": "83"}, "missing_lines": [117], "excluded_lines": []}, "SchemaDiff": {"executed_lines": [140, 141, 142, 146, 147, 148, 155, 156, 159, 160, 161, 164, 174, 175, 177, 182, 183, 184, 187, 188, 189, 192, 195, 198, 201, 204, 207, 208, 209, 210, 211, 217, 218, 221, 222, 233, 234, 245, 246, 250, 252, 253, 263, 264, 276, 277, 279, 281, 282, 284, 287, 288, 297, 298, 308, 321, 323, 325, 327, 328, 329, 331, 332, 334, 337, 338, 348, 349, 359, 360, 361, 362, 364, 365, 366, 375, 376, 377, 378, 380, 381, 382, 391, 393, 405, 406, 408, 409, 411, 413, 414, 416, 417, 427, 428, 440, 441, 442, 443, 445, 446, 448, 450, 451, 460, 461, 470, 471, 483, 484, 486, 487, 489, 491, 492, 502], "summary": {"covered_lines": 116, "num_statements": 117, "percent_covered": 99.14529914529915, "percent_covered_display": "99", "missing_lines": 1, "excluded_lines": 0, "percent_statements_covered": 99.14529914529915, "percent_statements_covered_display": "99"}, "missing_lines": [280], "excluded_lines": []}, "GuaranteeChangeKind": {"executed_lines": [], "summary": {"covered_lines": 0, "num_statements": 0, "percent_covered": 100.0, "percent_covered_display": "100", "missing_lines": 0, "excluded_lines": 0, "percent_statements_covered": 100.0, "percent_statements_covered_display": "100"}, "missing_lines": [], "excluded_lines": []}, "GuaranteeChange": {"executed_lines": [627], "summary": {"covered_lines": 1, "num_statements": 1, "percent_covered": 100.0, "percent_covered_display": "100", "missing_lines": 0, "excluded_lines": 0, "percent_statements_covered": 100.0, "percent_statements_covered_display": "100"}, "missing_lines": [], "excluded_lines": []}, "GuaranteeDiffResult": {"executed_lines": [645, 649, 654, 659, 663, 664, 665, 666, 667, 669, 674, 675, 676], "summary": {"covered_lines": 13, "num_statements": 14, "percent_covered": 92.85714285714286, "percent_covered_display": "93", "missing_lines": 1, "excluded_lines": 0, "percent_statements_covered": 92.85714285714286, "percent_statements_covered_display": "93"}, "missing_lines": [670], "excluded_lines": []}, "GuaranteeDiff": {"executed_lines": [687, 688, 689, 693, 696, 699, 702, 705, 708, 711, 714, 717, 719, 730, 743, 744, 746, 747, 754, 755, 764, 765, 767, 768, 775, 776, 785, 786, 787, 788, 791, 800, 809, 810, 811, 813, 814, 815, 817, 819, 826, 828, 847, 848, 849, 850, 852, 853, 860, 870, 871, 872, 873, 875, 883, 891, 903, 904, 906, 907, 913, 920, 923, 933, 934, 936, 943, 950, 951, 961, 962, 963, 964, 966, 974, 982], "summary": {"covered_lines": 76, "num_statements": 91, "percent_covered": 83.51648351648352, "percent_covered_display": "84", "missing_lines": 15, "excluded_lines": 0, "percent_statements_covered": 83.51648351648352, "percent_statements_covered_display": "84"}, "missing_lines": [792, 801, 837, 861, 876, 884, 892, 893, 914, 937, 944, 967, 975, 983, 984], "excluded_lines": []}, "ContractDiffResult": {"executed_lines": [1028], "summary": {"covered_lines": 1, "num_statements": 5, "percent_covered": 20.0, "percent_covered_display": "20", "missing_lines": 4, "excluded_lines": 0, "percent_statements_covered": 20.0, "percent_statements_covered_display": "20"}, "missing_lines": [1036, 1037, 1038, 1042], "excluded_lines": []}, "": {"executed_lines": [1, 7, 8, 9, 11, 19, 20, 22, 23, 24, 25, 26, 27, 28, 29, 30, 31, 32, 33, 34, 35, 36, 37, 38, 42, 54, 67, 70, 71, 72, 74, 75, 76, 77, 78, 80, 91, 92, 93, 95, 96, 98, 99, 102, 115, 120, 121, 124, 135, 139, 144, 153, 179, 213, 248, 274, 318, 403, 438, 481, 513, 515, 516, 519, 529, 530, 531, 539, 540, 543, 544, 547, 548, 551, 552, 553, 554, 557, 558, 561, 562, 563, 566, 567, 568, 569, 572, 573, 574, 575, 578, 579, 580, 584, 614, 615, 616, 618, 619, 620, 621, 622, 623, 625, 637, 638, 639, 641, 643, 644, 647, 651, 652, 656, 657, 661, 672, 679, 680, 682, 691, 721, 741, 762, 783, 845, 868, 901, 931, 959, 993, 998, 999, 1002, 1012, 1013, 1014, 1015, 1016, 1019, 1020, 1021, 1023, 1024, 1026, 1027, 1030, 1040, 1051, 1058], "summary": {"covered_lines": 140, "num_statements": 140, "percent_covered": 100.0, "percent_covered_display": "100", "missing_lines": 0, "excluded_lines": 0, "percent_statements_covered": 100.0, "percent_statements_covered_display": "100"}, "missing_lines": [], "excluded_lines": []}}}, "src/tessera/services/schema_validator.py": {"executed_lines": [1, 3, 5, 8, 9, 11, 12, 13, 14, 17, 26, 29, 30, 33, 35, 36, 37, 39, 42, 51, 52, 53, 59, 68, 69], "summary": {"covered_lines": 23, "num_statements": 23, "percent_covered": 100.0, "percent_covered_display": "100", "missing_lines": 0, "excluded_lines": 0, "percent_statements_covered": 100.0, "percent_statements_covered_display": "100"}, "missing_lines": [], "excluded_lines": [], "functions": {"SchemaValidationError.__init__": {"executed_lines": [12, 13, 14], "summary": {"covered_lines": 3, "num_statements": 3, "percent_covered": 100.0, "percent_covered_display": "100", "missing_lines": 0, "excluded_lines": 0, "percent_statements_covered": 100.0, "percent_statements_covered_display": "100"}, "missing_lines": [], "excluded_lines": []}, "validate_json_schema": {"executed_lines": [26, 29, 30, 33, 35, 36, 37, 39], "summary": {"covered_lines": 8, "num_statements": 8, "percent_covered": 100.0, "percent_covered_display": "100", "missing_lines": 0, "excluded_lines": 0, "percent_statements_covered": 100.0, "percent_statements_covered_display": "100"}, "missing_lines": [], "excluded_lines": []}, "validate_schema_or_raise": {"executed_lines": [51, 52, 53], "summary": {"covered_lines": 3, "num_statements": 3, "percent_covered": 100.0, "percent_covered_display": "100", "missing_lines": 0, "excluded_lines": 0, "percent_statements_covered": 100.0, "percent_statements_covered_display": "100"}, "missing_lines": [], "excluded_lines": []}, "check_schema_validity": {"executed_lines": [68, 69], "summary": {"covered_lines": 2, "num_statements": 2, "percent_covered": 100.0, "percent_covered_display": "100", "missing_lines": 0, "excluded_lines": 0, "percent_statements_covered": 100.0, "percent_statements_covered_display": "100"}, "missing_lines": [], "excluded_lines": []}, "": {"executed_lines": [1, 3, 5, 8, 9, 11, 17, 42, 59], "summary": {"covered_lines": 7, "num_statements": 7, "percent_covered": 100.0, "percent_covered_display": "100", "missing_lines": 0, "excluded_lines": 0, "percent_statements_covered": 100.0, "percent_statements_covered_display": "100"}, "missing_lines": [], "excluded_lines": []}}, "classes": {"SchemaValidationError": {"executed_lines": [12, 13, 14], "summary": {"covered_lines": 3, "num_statements": 3, "percent_covered": 100.0, "percent_covered_display": "100", "missing_lines": 0, "excluded_lines": 0, "percent_statements_covered": 100.0, "percent_statements_covered_display": "100"}, "missing_lines": [], "excluded_lines": []}, "": {"executed_lines": [1, 3, 5, 8, 9, 11, 17, 26, 29, 30, 33, 35, 36, 37, 39, 42, 51, 52, 53, 59, 68, 69], "summary": {"covered_lines": 20, "num_statements": 20, "percent_covered": 100.0, "percent_covered_display": "100", "missing_lines": 0, "excluded_lines": 0, "percent_statements_covered": 100.0, "percent_statements_covered_display": "100"}, "missing_lines": [], "excluded_lines": []}}}, "src/tessera/services/slack.py": {"executed_lines": [1, 3, 4, 6, 8, 10, 13, 26, 27, 28, 30, 31, 32, 34, 35, 36, 41, 42, 43, 45, 46, 47, 48, 49, 52, 60, 64, 65, 67, 68, 69, 71, 108, 114, 121, 122, 124, 134, 135, 142, 148, 153, 154, 155, 162, 168, 174, 175, 182], "summary": {"covered_lines": 48, "num_statements": 48, "percent_covered": 100.0, "percent_covered_display": "100", "missing_lines": 0, "excluded_lines": 0, "percent_statements_covered": 100.0, "percent_statements_covered_display": "100"}, "missing_lines": [], "excluded_lines": [], "functions": {"send_slack_message": {"executed_lines": [26, 27, 28, 30, 31, 32, 34, 35, 36, 41, 42, 43, 45, 46, 47, 48, 49], "summary": {"covered_lines": 17, "num_statements": 17, "percent_covered": 100.0, "percent_covered_display": "100", "missing_lines": 0, "excluded_lines": 0, "percent_statements_covered": 100.0, "percent_statements_covered_display": "100"}, "missing_lines": [], "excluded_lines": []}, "notify_proposal_created": {"executed_lines": [60, 64, 65, 67, 68, 69, 71, 108], "summary": {"covered_lines": 8, "num_statements": 8, "percent_covered": 100.0, "percent_covered_display": "100", "missing_lines": 0, "excluded_lines": 0, "percent_statements_covered": 100.0, "percent_statements_covered_display": "100"}, "missing_lines": [], "excluded_lines": []}, "notify_proposal_acknowledged": {"executed_lines": [121, 122, 124, 134, 135, 142], "summary": {"covered_lines": 6, "num_statements": 6, "percent_covered": 100.0, "percent_covered_display": "100", "missing_lines": 0, "excluded_lines": 0, "percent_statements_covered": 100.0, "percent_statements_covered_display": "100"}, "missing_lines": [], "excluded_lines": []}, "notify_proposal_approved": {"executed_lines": [153, 154, 155, 162], "summary": {"covered_lines": 4, "num_statements": 4, "percent_covered": 100.0, "percent_covered_display": "100", "missing_lines": 0, "excluded_lines": 0, "percent_statements_covered": 100.0, "percent_statements_covered_display": "100"}, "missing_lines": [], "excluded_lines": []}, "notify_contract_published": {"executed_lines": [174, 175, 182], "summary": {"covered_lines": 3, "num_statements": 3, "percent_covered": 100.0, "percent_covered_display": "100", "missing_lines": 0, "excluded_lines": 0, "percent_statements_covered": 100.0, "percent_statements_covered_display": "100"}, "missing_lines": [], "excluded_lines": []}, "": {"executed_lines": [1, 3, 4, 6, 8, 10, 13, 52, 114, 148, 168], "summary": {"covered_lines": 10, "num_statements": 10, "percent_covered": 100.0, "percent_covered_display": "100", "missing_lines": 0, "excluded_lines": 0, "percent_statements_covered": 100.0, "percent_statements_covered_display": "100"}, "missing_lines": [], "excluded_lines": []}}, "classes": {"": {"executed_lines": [1, 3, 4, 6, 8, 10, 13, 26, 27, 28, 30, 31, 32, 34, 35, 36, 41, 42, 43, 45, 46, 47, 48, 49, 52, 60, 64, 65, 67, 68, 69, 71, 108, 114, 121, 122, 124, 134, 135, 142, 148, 153, 154, 155, 162, 168, 174, 175, 182], "summary": {"covered_lines": 48, "num_statements": 48, "percent_covered": 100.0, "percent_covered_display": "100", "missing_lines": 0, "excluded_lines": 0, "percent_statements_covered": 100.0, "percent_statements_covered_display": "100"}, "missing_lines": [], "excluded_lines": []}}}, "src/tessera/services/webhooks.py": {"executed_lines": [1, 3, 4, 5, 6, 7, 8, 9, 10, 11, 12, 14, 15, 17, 18, 19, 20, 21, 32, 35, 36, 39, 40, 43, 54, 55, 56, 59, 72, 75, 83, 84, 87, 91, 92, 95, 96, 99, 100, 101, 102, 103, 104, 105, 106, 109, 110, 113, 122, 123, 124, 125, 126, 127, 132, 136, 140, 143, 145, 150, 163, 170, 186, 192, 193, 194, 196, 199, 224, 225, 226, 229, 230, 241, 242, 244, 245, 248, 249, 250, 251, 252, 253, 254, 258, 263, 264, 265, 271, 272, 278, 279, 280, 286, 287, 288, 294, 295, 297, 304, 305, 312, 315, 323, 324, 325, 326, 329, 330, 331, 332, 333, 334, 335, 336, 337, 338, 339, 340, 343, 345, 346, 347, 348, 349, 350, 356, 357, 358, 359, 360, 361, 362, 365, 367, 368, 369, 375, 377, 378, 381, 392, 421, 424, 437, 453, 456, 466, 478, 481, 491, 504], "summary": {"covered_lines": 151, "num_statements": 167, "percent_covered": 90.41916167664671, "percent_covered_display": "90", "missing_lines": 16, "excluded_lines": 0, "percent_statements_covered": 90.41916167664671, "percent_statements_covered_display": "90"}, "missing_lines": [88, 133, 135, 138, 139, 146, 147, 231, 232, 233, 239, 255, 256, 257, 370, 372], "excluded_lines": [], "functions": {"_get_webhook_semaphore": {"executed_lines": [54, 55, 56], "summary": {"covered_lines": 3, "num_statements": 3, "percent_covered": 100.0, "percent_covered_display": "100", "missing_lines": 0, "excluded_lines": 0, "percent_statements_covered": 100.0, "percent_statements_covered_display": "100"}, "missing_lines": [], "excluded_lines": []}, "_is_blocked_ip": {"executed_lines": [72], "summary": {"covered_lines": 1, "num_statements": 1, "percent_covered": 100.0, "percent_covered_display": "100", "missing_lines": 0, "excluded_lines": 0, "percent_statements_covered": 100.0, "percent_statements_covered_display": "100"}, "missing_lines": [], "excluded_lines": []}, "validate_webhook_url": {"executed_lines": [83, 84, 87, 91, 92, 95, 96, 99, 100, 101, 102, 103, 104, 105, 106, 109, 110, 113, 122, 123, 124, 125, 126, 127, 132, 136, 140, 143, 145], "summary": {"covered_lines": 29, "num_statements": 36, "percent_covered": 80.55555555555556, "percent_covered_display": "81", "missing_lines": 7, "excluded_lines": 0, "percent_statements_covered": 80.55555555555556, "percent_statements_covered_display": "81"}, "missing_lines": [88, 133, 135, 138, 139, 146, 147], "excluded_lines": []}, "_sign_payload": {"executed_lines": [163], "summary": {"covered_lines": 1, "num_statements": 1, "percent_covered": 100.0, "percent_covered_display": "100", "missing_lines": 0, "excluded_lines": 0, "percent_statements_covered": 100.0, "percent_statements_covered_display": "100"}, "missing_lines": [], "excluded_lines": []}, "_build_webhook_headers": {"executed_lines": [186, 192, 193, 194, 196], "summary": {"covered_lines": 5, "num_statements": 5, "percent_covered": 100.0, "percent_covered_display": "100", "missing_lines": 0, "excluded_lines": 0, "percent_statements_covered": 100.0, "percent_statements_covered_display": "100"}, "missing_lines": [], "excluded_lines": []}, "_deliver_webhook": {"executed_lines": [224, 225, 226, 229, 230, 241, 242, 244, 245, 248, 249, 250, 251, 252, 253, 254, 258, 263, 264, 265, 271, 272, 278, 279, 280, 286, 287, 288, 294, 295, 297, 304, 305, 312], "summary": {"covered_lines": 34, "num_statements": 41, "percent_covered": 82.92682926829268, "percent_covered_display": "83", "missing_lines": 7, "excluded_lines": 0, "percent_statements_covered": 82.92682926829268, "percent_statements_covered_display": "83"}, "missing_lines": [231, 232, 233, 239, 255, 256, 257], "excluded_lines": []}, "_update_delivery_status": {"executed_lines": [323, 324, 325, 326, 329, 330, 331, 332, 333, 334, 335, 336, 337, 338, 339, 340], "summary": {"covered_lines": 16, "num_statements": 16, "percent_covered": 100.0, "percent_covered_display": "100", "missing_lines": 0, "excluded_lines": 0, "percent_statements_covered": 100.0, "percent_statements_covered_display": "100"}, "missing_lines": [], "excluded_lines": []}, "_create_delivery_record": {"executed_lines": [345, 346, 347, 348, 349, 350, 356, 357, 358, 359, 360, 361, 362], "summary": {"covered_lines": 13, "num_statements": 13, "percent_covered": 100.0, "percent_covered_display": "100", "missing_lines": 0, "excluded_lines": 0, "percent_statements_covered": 100.0, "percent_statements_covered_display": "100"}, "missing_lines": [], "excluded_lines": []}, "_fire_and_forget": {"executed_lines": [367, 368, 369], "summary": {"covered_lines": 3, "num_statements": 5, "percent_covered": 60.0, "percent_covered_display": "60", "missing_lines": 2, "excluded_lines": 0, "percent_statements_covered": 60.0, "percent_statements_covered_display": "60"}, "missing_lines": [370, 372], "excluded_lines": []}, "_deliver_with_tracking": {"executed_lines": [377, 378], "summary": {"covered_lines": 2, "num_statements": 2, "percent_covered": 100.0, "percent_covered_display": "100", "missing_lines": 0, "excluded_lines": 0, "percent_statements_covered": 100.0, "percent_statements_covered_display": "100"}, "missing_lines": [], "excluded_lines": []}, "send_proposal_created": {"executed_lines": [392, 421], "summary": {"covered_lines": 2, "num_statements": 2, "percent_covered": 100.0, "percent_covered_display": "100", "missing_lines": 0, "excluded_lines": 0, "percent_statements_covered": 100.0, "percent_statements_covered_display": "100"}, "missing_lines": [], "excluded_lines": []}, "send_proposal_acknowledged": {"executed_lines": [437, 453], "summary": {"covered_lines": 2, "num_statements": 2, "percent_covered": 100.0, "percent_covered_display": "100", "missing_lines": 0, "excluded_lines": 0, "percent_statements_covered": 100.0, "percent_statements_covered_display": "100"}, "missing_lines": [], "excluded_lines": []}, "send_proposal_status_change": {"executed_lines": [466, 478], "summary": {"covered_lines": 2, "num_statements": 2, "percent_covered": 100.0, "percent_covered_display": "100", "missing_lines": 0, "excluded_lines": 0, "percent_statements_covered": 100.0, "percent_statements_covered_display": "100"}, "missing_lines": [], "excluded_lines": []}, "send_contract_published": {"executed_lines": [491, 504], "summary": {"covered_lines": 2, "num_statements": 2, "percent_covered": 100.0, "percent_covered_display": "100", "missing_lines": 0, "excluded_lines": 0, "percent_statements_covered": 100.0, "percent_statements_covered_display": "100"}, "missing_lines": [], "excluded_lines": []}, "": {"executed_lines": [1, 3, 4, 5, 6, 7, 8, 9, 10, 11, 12, 14, 15, 17, 18, 19, 20, 21, 32, 35, 36, 39, 40, 43, 59, 75, 150, 170, 199, 315, 343, 365, 375, 381, 424, 456, 481], "summary": {"covered_lines": 36, "num_statements": 36, "percent_covered": 100.0, "percent_covered_display": "100", "missing_lines": 0, "excluded_lines": 0, "percent_statements_covered": 100.0, "percent_statements_covered_display": "100"}, "missing_lines": [], "excluded_lines": []}}, "classes": {"": {"executed_lines": [1, 3, 4, 5, 6, 7, 8, 9, 10, 11, 12, 14, 15, 17, 18, 19, 20, 21, 32, 35, 36, 39, 40, 43, 54, 55, 56, 59, 72, 75, 83, 84, 87, 91, 92, 95, 96, 99, 100, 101, 102, 103, 104, 105, 106, 109, 110, 113, 122, 123, 124, 125, 126, 127, 132, 136, 140, 143, 145, 150, 163, 170, 186, 192, 193, 194, 196, 199, 224, 225, 226, 229, 230, 241, 242, 244, 245, 248, 249, 250, 251, 252, 253, 254, 258, 263, 264, 265, 271, 272, 278, 279, 280, 286, 287, 288, 294, 295, 297, 304, 305, 312, 315, 323, 324, 325, 326, 329, 330, 331, 332, 333, 334, 335, 336, 337, 338, 339, 340, 343, 345, 346, 347, 348, 349, 350, 356, 357, 358, 359, 360, 361, 362, 365, 367, 368, 369, 375, 377, 378, 381, 392, 421, 424, 437, 453, 456, 466, 478, 481, 491, 504], "summary": {"covered_lines": 151, "num_statements": 167, "percent_covered": 90.41916167664671, "percent_covered_display": "90", "missing_lines": 16, "excluded_lines": 0, "percent_statements_covered": 90.41916167664671, "percent_statements_covered_display": "90"}, "missing_lines": [88, 133, 135, 138, 139, 146, 147, 231, 232, 233, 239, 255, 256, 257, 370, 372], "excluded_lines": []}}}}, "totals": {"covered_lines": 6089, "num_statements": 7034, "percent_covered": 86.5652544782485, "percent_covered_display": "87", "missing_lines": 945, "excluded_lines": 0, "percent_statements_covered": 86.5652544782485, "percent_statements_covered_display": "87"}}
